13-9-2025 18:46:23 - log: Load engine in D:\cocos\Creator\3.8.6\resources\resources\3d\engine
13-9-2025 18:46:23 - log: Register native engine in D:\cocos\Creator\3.8.6\resources\resources\3d\engine\native
13-9-2025 18:46:23 - log: Request namespace: device-list
13-9-2025 18:46:29 - log: [Scene] meshopt wasm decoder initialized
13-9-2025 18:46:29 - log: [Scene] [bullet]:bullet wasm lib loaded.
13-9-2025 18:46:29 - log: [Scene] [box2d]:box2d wasm lib loaded.
13-9-2025 18:46:29 - log: [Scene] [PHYSICS]: using builtin.
13-9-2025 18:46:30 - log: [Scene] Cocos Creator v3.8.6
13-9-2025 18:46:30 - log: [Scene] Using custom pipeline: Builtin
13-9-2025 18:46:30 - log: [Scene] [PHYSICS]: switch from builtin to bullet.
13-9-2025 18:46:30 - log: [Scene] [PHYSICS2D]: switch from box2d-wasm to box2d.
14-9-2025 10:19:32 - error: [Scene] Please define 'type' parameter of EnhancedBrick.brickType as the constructor of [object Object].Error: [Scene] Please define 'type' parameter of EnhancedBrick.brickType as the constructor of [object Object].
    at console.error (D:\cocos\Creator\3.8.6\resources\app.asar\node_modules\@sentry\src\instrument\console.ts:40:20)
    at error (D:\cocos\Creator\3.8.6\resources\resources\3d\engine\bin\.cache\dev\editor\bundled\index.js:146879:12)
    at errorID (D:\cocos\Creator\3.8.6\resources\resources\3d\engine\bin\.cache\dev\editor\bundled\index.js:147057:5)
    at parseAttributes (D:\cocos\Creator\3.8.6\resources\resources\3d\engine\bin\.cache\dev\editor\bundled\index.js:128021:11)
    at defineProp (D:\cocos\Creator\3.8.6\resources\resources\3d\engine\bin\.cache\dev\editor\bundled\index.js:127741:5)
    at declareProperties (D:\cocos\Creator\3.8.6\resources\resources\3d\engine\bin\.cache\dev\editor\bundled\index.js:127905:11)
    at CCClass (D:\cocos\Creator\3.8.6\resources\resources\3d\engine\bin\.cache\dev\editor\bundled\index.js:127930:5)
    at eval (D:\cocos\Creator\3.8.6\resources\resources\3d\engine\bin\.cache\dev\editor\bundled\index.js:269970:21)
    at eval (D:\cocos\Creator\3.8.6\resources\resources\3d\engine\bin\.cache\dev\editor\bundled\index.js:270981:18)
    at Object.execute (file:///E:/work_space/wx/Cat_Journey/temp/programming/packer-driver/targets/editor/chunks/c0/c062e3ad7988f43ede0b70964bc80c79673496f4.js:89:11)
    at doExec (D:\cocos\Creator\3.8.6\resources\app.asar\node_modules\@editor\lib-programming\static\executor\systemjs-bridge\out\index.js:517:30)
    at postOrderExec (D:\cocos\Creator\3.8.6\resources\app.asar\node_modules\@editor\lib-programming\static\executor\systemjs-bridge\out\index.js:508:21)
    at D:\cocos\Creator\3.8.6\resources\app.asar\node_modules\@editor\lib-programming\static\executor\systemjs-bridge\out\index.js:493:28
    at Array.forEach (<anonymous>)
    at postOrderExec (D:\cocos\Creator\3.8.6\resources\app.asar\node_modules\@editor\lib-programming\static\executor\systemjs-bridge\out\index.js:491:10)
    at D:\cocos\Creator\3.8.6\resources\app.asar\node_modules\@editor\lib-programming\static\executor\systemjs-bridge\out\index.js:493:28
    at Array.forEach (<anonymous>)
    at postOrderExec (D:\cocos\Creator\3.8.6\resources\app.asar\node_modules\@editor\lib-programming\static\executor\systemjs-bridge\out\index.js:491:10)
    at D:\cocos\Creator\3.8.6\resources\app.asar\node_modules\@editor\lib-programming\static\executor\systemjs-bridge\out\index.js:440:12
    at file:///E:/work_space/wx/Cat_Journey/temp/programming/packer-driver/targets/editor/chunks/6d/6d8fd2b0177941b032ddc0733af48a561fb60657.js:13:13
    at Object.execute (file:///E:/work_space/wx/Cat_Journey/temp/programming/packer-driver/targets/editor/chunks/6d/6d8fd2b0177941b032ddc0733af48a561fb60657.js:8:7)
    at Executor._importPrerequisiteModules (D:\cocos\Creator\3.8.6\resources\app.asar\node_modules\@editor\lib-programming\src\executor\index.ts:358:13)
    at Executor.reload (D:\cocos\Creator\3.8.6\resources\app.asar\node_modules\@editor\lib-programming\src\executor\index.ts:235:13)
    at D:\cocos\Creator\3.8.6\resources\app.asar\builtin\scene\dist\script\3d\manager\scripts.ccc:1:1787
    at GlobalEnv.processQueue (D:\cocos\Creator\3.8.6\resources\app.asar\builtin\scene\dist\script\3d\manager\scripts.ccc:1:2184)
    at GlobalEnv.record (D:\cocos\Creator\3.8.6\resources\app.asar\builtin\scene\dist\script\3d\manager\scripts.ccc:1:1955)
14-9-2025 10:19:32 - error: [Scene] Please define 'type' parameter of EnhancedBossController.bossType as the constructor of [object Object].Error: [Scene] Please define 'type' parameter of EnhancedBossController.bossType as the constructor of [object Object].
    at console.error (D:\cocos\Creator\3.8.6\resources\app.asar\node_modules\@sentry\src\instrument\console.ts:40:20)
    at error (D:\cocos\Creator\3.8.6\resources\resources\3d\engine\bin\.cache\dev\editor\bundled\index.js:146879:12)
    at errorID (D:\cocos\Creator\3.8.6\resources\resources\3d\engine\bin\.cache\dev\editor\bundled\index.js:147057:5)
    at parseAttributes (D:\cocos\Creator\3.8.6\resources\resources\3d\engine\bin\.cache\dev\editor\bundled\index.js:128021:11)
    at defineProp (D:\cocos\Creator\3.8.6\resources\resources\3d\engine\bin\.cache\dev\editor\bundled\index.js:127741:5)
    at declareProperties (D:\cocos\Creator\3.8.6\resources\resources\3d\engine\bin\.cache\dev\editor\bundled\index.js:127905:11)
    at CCClass (D:\cocos\Creator\3.8.6\resources\resources\3d\engine\bin\.cache\dev\editor\bundled\index.js:127930:5)
    at eval (D:\cocos\Creator\3.8.6\resources\resources\3d\engine\bin\.cache\dev\editor\bundled\index.js:269970:21)
    at eval (D:\cocos\Creator\3.8.6\resources\resources\3d\engine\bin\.cache\dev\editor\bundled\index.js:270981:18)
    at Object.execute (file:///E:/work_space/wx/Cat_Journey/temp/programming/packer-driver/targets/editor/chunks/e7/e7901dc74ad150c2588e7b0a94d897e3fad87101.js:91:11)
    at doExec (D:\cocos\Creator\3.8.6\resources\app.asar\node_modules\@editor\lib-programming\static\executor\systemjs-bridge\out\index.js:517:30)
    at postOrderExec (D:\cocos\Creator\3.8.6\resources\app.asar\node_modules\@editor\lib-programming\static\executor\systemjs-bridge\out\index.js:508:21)
    at D:\cocos\Creator\3.8.6\resources\app.asar\node_modules\@editor\lib-programming\static\executor\systemjs-bridge\out\index.js:493:28
    at Array.forEach (<anonymous>)
    at postOrderExec (D:\cocos\Creator\3.8.6\resources\app.asar\node_modules\@editor\lib-programming\static\executor\systemjs-bridge\out\index.js:491:10)
    at D:\cocos\Creator\3.8.6\resources\app.asar\node_modules\@editor\lib-programming\static\executor\systemjs-bridge\out\index.js:440:12
    at file:///E:/work_space/wx/Cat_Journey/temp/programming/packer-driver/targets/editor/chunks/6d/6d8fd2b0177941b032ddc0733af48a561fb60657.js:13:13
    at Object.execute (file:///E:/work_space/wx/Cat_Journey/temp/programming/packer-driver/targets/editor/chunks/6d/6d8fd2b0177941b032ddc0733af48a561fb60657.js:8:7)
    at Executor._importPrerequisiteModules (D:\cocos\Creator\3.8.6\resources\app.asar\node_modules\@editor\lib-programming\src\executor\index.ts:358:13)
    at Executor.reload (D:\cocos\Creator\3.8.6\resources\app.asar\node_modules\@editor\lib-programming\src\executor\index.ts:235:13)
    at D:\cocos\Creator\3.8.6\resources\app.asar\builtin\scene\dist\script\3d\manager\scripts.ccc:1:1787
    at GlobalEnv.processQueue (D:\cocos\Creator\3.8.6\resources\app.asar\builtin\scene\dist\script\3d\manager\scripts.ccc:1:2184)
    at GlobalEnv.record (D:\cocos\Creator\3.8.6\resources\app.asar\builtin\scene\dist\script\3d\manager\scripts.ccc:1:1955)
14-9-2025 10:19:32 - error: [Scene] Please define 'type' parameter of EnhancedBall.ballType as the constructor of [object Object].Error: [Scene] Please define 'type' parameter of EnhancedBall.ballType as the constructor of [object Object].
    at console.error (D:\cocos\Creator\3.8.6\resources\app.asar\node_modules\@sentry\src\instrument\console.ts:40:20)
    at error (D:\cocos\Creator\3.8.6\resources\resources\3d\engine\bin\.cache\dev\editor\bundled\index.js:146879:12)
    at errorID (D:\cocos\Creator\3.8.6\resources\resources\3d\engine\bin\.cache\dev\editor\bundled\index.js:147057:5)
    at parseAttributes (D:\cocos\Creator\3.8.6\resources\resources\3d\engine\bin\.cache\dev\editor\bundled\index.js:128021:11)
    at defineProp (D:\cocos\Creator\3.8.6\resources\resources\3d\engine\bin\.cache\dev\editor\bundled\index.js:127741:5)
    at declareProperties (D:\cocos\Creator\3.8.6\resources\resources\3d\engine\bin\.cache\dev\editor\bundled\index.js:127905:11)
    at CCClass (D:\cocos\Creator\3.8.6\resources\resources\3d\engine\bin\.cache\dev\editor\bundled\index.js:127930:5)
    at eval (D:\cocos\Creator\3.8.6\resources\resources\3d\engine\bin\.cache\dev\editor\bundled\index.js:269970:21)
    at eval (D:\cocos\Creator\3.8.6\resources\resources\3d\engine\bin\.cache\dev\editor\bundled\index.js:270981:18)
    at Object.execute (file:///E:/work_space/wx/Cat_Journey/temp/programming/packer-driver/targets/editor/chunks/90/9065999c5876fa26943b90735ebb8c24ce0e0b9f.js:79:11)
    at doExec (D:\cocos\Creator\3.8.6\resources\app.asar\node_modules\@editor\lib-programming\static\executor\systemjs-bridge\out\index.js:517:30)
    at postOrderExec (D:\cocos\Creator\3.8.6\resources\app.asar\node_modules\@editor\lib-programming\static\executor\systemjs-bridge\out\index.js:508:21)
    at D:\cocos\Creator\3.8.6\resources\app.asar\node_modules\@editor\lib-programming\static\executor\systemjs-bridge\out\index.js:440:12
    at file:///E:/work_space/wx/Cat_Journey/temp/programming/packer-driver/targets/editor/chunks/6d/6d8fd2b0177941b032ddc0733af48a561fb60657.js:13:13
    at Object.execute (file:///E:/work_space/wx/Cat_Journey/temp/programming/packer-driver/targets/editor/chunks/6d/6d8fd2b0177941b032ddc0733af48a561fb60657.js:8:7)
    at Executor._importPrerequisiteModules (D:\cocos\Creator\3.8.6\resources\app.asar\node_modules\@editor\lib-programming\src\executor\index.ts:358:13)
    at Executor.reload (D:\cocos\Creator\3.8.6\resources\app.asar\node_modules\@editor\lib-programming\src\executor\index.ts:235:13)
    at D:\cocos\Creator\3.8.6\resources\app.asar\builtin\scene\dist\script\3d\manager\scripts.ccc:1:1787
    at GlobalEnv.processQueue (D:\cocos\Creator\3.8.6\resources\app.asar\builtin\scene\dist\script\3d\manager\scripts.ccc:1:2184)
    at GlobalEnv.record (D:\cocos\Creator\3.8.6\resources\app.asar\builtin\scene\dist\script\3d\manager\scripts.ccc:1:1955)
14-9-2025 10:19:34 - error: [Scene] Please define 'type' parameter of EnhancedBrick.brickType as the constructor of [object Object].Error: [Scene] Please define 'type' parameter of EnhancedBrick.brickType as the constructor of [object Object].
    at console.error (D:\cocos\Creator\3.8.6\resources\app.asar\node_modules\@sentry\src\instrument\console.ts:40:20)
    at error (D:\cocos\Creator\3.8.6\resources\resources\3d\engine\bin\.cache\dev\editor\bundled\index.js:146879:12)
    at errorID (D:\cocos\Creator\3.8.6\resources\resources\3d\engine\bin\.cache\dev\editor\bundled\index.js:147057:5)
    at parseAttributes (D:\cocos\Creator\3.8.6\resources\resources\3d\engine\bin\.cache\dev\editor\bundled\index.js:128021:11)
    at defineProp (D:\cocos\Creator\3.8.6\resources\resources\3d\engine\bin\.cache\dev\editor\bundled\index.js:127741:5)
    at declareProperties (D:\cocos\Creator\3.8.6\resources\resources\3d\engine\bin\.cache\dev\editor\bundled\index.js:127905:11)
    at CCClass (D:\cocos\Creator\3.8.6\resources\resources\3d\engine\bin\.cache\dev\editor\bundled\index.js:127930:5)
    at eval (D:\cocos\Creator\3.8.6\resources\resources\3d\engine\bin\.cache\dev\editor\bundled\index.js:269970:21)
    at eval (D:\cocos\Creator\3.8.6\resources\resources\3d\engine\bin\.cache\dev\editor\bundled\index.js:270981:18)
    at Object.execute (file:///E:/work_space/wx/Cat_Journey/temp/programming/packer-driver/targets/editor/chunks/c0/c062e3ad7988f43ede0b70964bc80c79673496f4.js:89:11)
    at doExec (D:\cocos\Creator\3.8.6\resources\app.asar\node_modules\@editor\lib-programming\static\executor\systemjs-bridge\out\index.js:517:30)
    at postOrderExec (D:\cocos\Creator\3.8.6\resources\app.asar\node_modules\@editor\lib-programming\static\executor\systemjs-bridge\out\index.js:508:21)
    at D:\cocos\Creator\3.8.6\resources\app.asar\node_modules\@editor\lib-programming\static\executor\systemjs-bridge\out\index.js:493:28
    at Array.forEach (<anonymous>)
    at postOrderExec (D:\cocos\Creator\3.8.6\resources\app.asar\node_modules\@editor\lib-programming\static\executor\systemjs-bridge\out\index.js:491:10)
    at D:\cocos\Creator\3.8.6\resources\app.asar\node_modules\@editor\lib-programming\static\executor\systemjs-bridge\out\index.js:493:28
    at Array.forEach (<anonymous>)
    at postOrderExec (D:\cocos\Creator\3.8.6\resources\app.asar\node_modules\@editor\lib-programming\static\executor\systemjs-bridge\out\index.js:491:10)
    at D:\cocos\Creator\3.8.6\resources\app.asar\node_modules\@editor\lib-programming\static\executor\systemjs-bridge\out\index.js:440:12
    at file:///E:/work_space/wx/Cat_Journey/temp/programming/packer-driver/targets/editor/chunks/6d/6d8fd2b0177941b032ddc0733af48a561fb60657.js:13:13
    at Object.execute (file:///E:/work_space/wx/Cat_Journey/temp/programming/packer-driver/targets/editor/chunks/6d/6d8fd2b0177941b032ddc0733af48a561fb60657.js:8:7)
    at Executor._importPrerequisiteModules (D:\cocos\Creator\3.8.6\resources\app.asar\node_modules\@editor\lib-programming\src\executor\index.ts:358:13)
    at Executor.reload (D:\cocos\Creator\3.8.6\resources\app.asar\node_modules\@editor\lib-programming\src\executor\index.ts:235:13)
    at D:\cocos\Creator\3.8.6\resources\app.asar\builtin\scene\dist\script\3d\manager\scripts.ccc:1:1787
    at GlobalEnv.processQueue (D:\cocos\Creator\3.8.6\resources\app.asar\builtin\scene\dist\script\3d\manager\scripts.ccc:1:2184)
    at GlobalEnv.record (D:\cocos\Creator\3.8.6\resources\app.asar\builtin\scene\dist\script\3d\manager\scripts.ccc:1:1955)
14-9-2025 10:19:34 - error: [Scene] Please define 'type' parameter of EnhancedBossController.bossType as the constructor of [object Object].Error: [Scene] Please define 'type' parameter of EnhancedBossController.bossType as the constructor of [object Object].
    at console.error (D:\cocos\Creator\3.8.6\resources\app.asar\node_modules\@sentry\src\instrument\console.ts:40:20)
    at error (D:\cocos\Creator\3.8.6\resources\resources\3d\engine\bin\.cache\dev\editor\bundled\index.js:146879:12)
    at errorID (D:\cocos\Creator\3.8.6\resources\resources\3d\engine\bin\.cache\dev\editor\bundled\index.js:147057:5)
    at parseAttributes (D:\cocos\Creator\3.8.6\resources\resources\3d\engine\bin\.cache\dev\editor\bundled\index.js:128021:11)
    at defineProp (D:\cocos\Creator\3.8.6\resources\resources\3d\engine\bin\.cache\dev\editor\bundled\index.js:127741:5)
    at declareProperties (D:\cocos\Creator\3.8.6\resources\resources\3d\engine\bin\.cache\dev\editor\bundled\index.js:127905:11)
    at CCClass (D:\cocos\Creator\3.8.6\resources\resources\3d\engine\bin\.cache\dev\editor\bundled\index.js:127930:5)
    at eval (D:\cocos\Creator\3.8.6\resources\resources\3d\engine\bin\.cache\dev\editor\bundled\index.js:269970:21)
    at eval (D:\cocos\Creator\3.8.6\resources\resources\3d\engine\bin\.cache\dev\editor\bundled\index.js:270981:18)
    at Object.execute (file:///E:/work_space/wx/Cat_Journey/temp/programming/packer-driver/targets/editor/chunks/e7/e7901dc74ad150c2588e7b0a94d897e3fad87101.js:91:11)
    at doExec (D:\cocos\Creator\3.8.6\resources\app.asar\node_modules\@editor\lib-programming\static\executor\systemjs-bridge\out\index.js:517:30)
    at postOrderExec (D:\cocos\Creator\3.8.6\resources\app.asar\node_modules\@editor\lib-programming\static\executor\systemjs-bridge\out\index.js:508:21)
    at D:\cocos\Creator\3.8.6\resources\app.asar\node_modules\@editor\lib-programming\static\executor\systemjs-bridge\out\index.js:493:28
    at Array.forEach (<anonymous>)
    at postOrderExec (D:\cocos\Creator\3.8.6\resources\app.asar\node_modules\@editor\lib-programming\static\executor\systemjs-bridge\out\index.js:491:10)
    at D:\cocos\Creator\3.8.6\resources\app.asar\node_modules\@editor\lib-programming\static\executor\systemjs-bridge\out\index.js:440:12
    at file:///E:/work_space/wx/Cat_Journey/temp/programming/packer-driver/targets/editor/chunks/6d/6d8fd2b0177941b032ddc0733af48a561fb60657.js:13:13
    at Object.execute (file:///E:/work_space/wx/Cat_Journey/temp/programming/packer-driver/targets/editor/chunks/6d/6d8fd2b0177941b032ddc0733af48a561fb60657.js:8:7)
    at Executor._importPrerequisiteModules (D:\cocos\Creator\3.8.6\resources\app.asar\node_modules\@editor\lib-programming\src\executor\index.ts:358:13)
    at Executor.reload (D:\cocos\Creator\3.8.6\resources\app.asar\node_modules\@editor\lib-programming\src\executor\index.ts:235:13)
    at D:\cocos\Creator\3.8.6\resources\app.asar\builtin\scene\dist\script\3d\manager\scripts.ccc:1:1787
    at GlobalEnv.processQueue (D:\cocos\Creator\3.8.6\resources\app.asar\builtin\scene\dist\script\3d\manager\scripts.ccc:1:2184)
    at GlobalEnv.record (D:\cocos\Creator\3.8.6\resources\app.asar\builtin\scene\dist\script\3d\manager\scripts.ccc:1:1955)
14-9-2025 10:19:34 - error: [Scene] Please define 'type' parameter of EnhancedBall.ballType as the constructor of [object Object].Error: [Scene] Please define 'type' parameter of EnhancedBall.ballType as the constructor of [object Object].
    at console.error (D:\cocos\Creator\3.8.6\resources\app.asar\node_modules\@sentry\src\instrument\console.ts:40:20)
    at error (D:\cocos\Creator\3.8.6\resources\resources\3d\engine\bin\.cache\dev\editor\bundled\index.js:146879:12)
    at errorID (D:\cocos\Creator\3.8.6\resources\resources\3d\engine\bin\.cache\dev\editor\bundled\index.js:147057:5)
    at parseAttributes (D:\cocos\Creator\3.8.6\resources\resources\3d\engine\bin\.cache\dev\editor\bundled\index.js:128021:11)
    at defineProp (D:\cocos\Creator\3.8.6\resources\resources\3d\engine\bin\.cache\dev\editor\bundled\index.js:127741:5)
    at declareProperties (D:\cocos\Creator\3.8.6\resources\resources\3d\engine\bin\.cache\dev\editor\bundled\index.js:127905:11)
    at CCClass (D:\cocos\Creator\3.8.6\resources\resources\3d\engine\bin\.cache\dev\editor\bundled\index.js:127930:5)
    at eval (D:\cocos\Creator\3.8.6\resources\resources\3d\engine\bin\.cache\dev\editor\bundled\index.js:269970:21)
    at eval (D:\cocos\Creator\3.8.6\resources\resources\3d\engine\bin\.cache\dev\editor\bundled\index.js:270981:18)
    at Object.execute (file:///E:/work_space/wx/Cat_Journey/temp/programming/packer-driver/targets/editor/chunks/90/9065999c5876fa26943b90735ebb8c24ce0e0b9f.js:79:11)
    at doExec (D:\cocos\Creator\3.8.6\resources\app.asar\node_modules\@editor\lib-programming\static\executor\systemjs-bridge\out\index.js:517:30)
    at postOrderExec (D:\cocos\Creator\3.8.6\resources\app.asar\node_modules\@editor\lib-programming\static\executor\systemjs-bridge\out\index.js:508:21)
    at D:\cocos\Creator\3.8.6\resources\app.asar\node_modules\@editor\lib-programming\static\executor\systemjs-bridge\out\index.js:440:12
    at file:///E:/work_space/wx/Cat_Journey/temp/programming/packer-driver/targets/editor/chunks/6d/6d8fd2b0177941b032ddc0733af48a561fb60657.js:13:13
    at Object.execute (file:///E:/work_space/wx/Cat_Journey/temp/programming/packer-driver/targets/editor/chunks/6d/6d8fd2b0177941b032ddc0733af48a561fb60657.js:8:7)
    at Executor._importPrerequisiteModules (D:\cocos\Creator\3.8.6\resources\app.asar\node_modules\@editor\lib-programming\src\executor\index.ts:358:13)
    at Executor.reload (D:\cocos\Creator\3.8.6\resources\app.asar\node_modules\@editor\lib-programming\src\executor\index.ts:235:13)
    at D:\cocos\Creator\3.8.6\resources\app.asar\builtin\scene\dist\script\3d\manager\scripts.ccc:1:1787
    at GlobalEnv.processQueue (D:\cocos\Creator\3.8.6\resources\app.asar\builtin\scene\dist\script\3d\manager\scripts.ccc:1:2184)
    at GlobalEnv.record (D:\cocos\Creator\3.8.6\resources\app.asar\builtin\scene\dist\script\3d\manager\scripts.ccc:1:1955)
