18:46:27.790 debug: 2025/9/13 18:46:27
18:46:27.790 debug: Project: E:\work_space\wx\Cat_Journey
18:46:27.790 debug: Targets: editor,preview
18:46:27.793 debug: Incremental file seems great.
18:46:27.794 debug: Engine path: D:\cocos\Creator\3.8.6\resources\resources\3d\engine
18:46:27.807 debug: Initializing target [Editor]
18:46:27.808 debug: Loading cache
18:46:27.846 debug: Loading cache costs 37.54739999999947ms.
18:46:27.846 debug: Engine features shipped in editor: base,gfx-webgl,gfx-webgl2,gfx-empty,gfx-webgpu,3d,animation,skeletal-animation,2d,rich-text,mask,graphics,ui-skew,ui,affine-transform,particle,particle-2d,physics-framework,physics-cannon,physics-physx,physics-ammo,physics-builtin,physics-2d-framework,physics-2d-box2d-jsb,physics-2d-box2d,physics-2d-builtin,physics-2d-box2d-wasm,intersection-2d,primitive,profiler,occlusion-query,geometry-renderer,debug-renderer,audio,video,xr,light-probe,terrain,webview,tween,tiled-map,vendor-google,spine-3.8,spine-4.2,dragon-bones,marionette,procedural-animation,custom-pipeline,custom-pipeline-builtin-scripts,custom-pipeline-post-process,legacy-pipeline,websocket,websocket-server,meshopt
18:46:27.846 debug: Our import map(foo:/bar): {
  "imports": {
    "cc": "cce:/internal/x/cc"
  }
}
18:46:27.847 debug: Initializing target [Preview]
18:46:27.847 debug: Loading cache
18:46:27.869 debug: Loading cache costs 22.545199999999568ms.
18:46:27.870 debug: Our import map(foo:/bar): {
  "imports": {
    "cc": "cce:/internal/x/cc"
  }
}
18:46:27.900 debug: Sync engine features: 2d,3d,affine-transform,animation,audio,base,custom-pipeline,dragon-bones,gfx-webgl,graphics,intersection-2d,light-probe,marionette,mask,particle,particle-2d,physics-2d-box2d,physics-ammo,primitive,profiler,rich-text,skeletal-animation,spine-3.8,terrain,tiled-map,tween,ui,ui-skew,video,websocket,webview,custom-pipeline
18:46:27.902 debug: Reset databases. Enumerated domains: [
  {
    "root": "db://internal/",
    "physical": "D:\\cocos\\Creator\\3.8.6\\resources\\resources\\3d\\engine\\editor\\assets"
  },
  {
    "root": "db://assets/",
    "physical": "E:\\work_space\\wx\\Cat_Journey\\assets"
  }
]
18:46:27.902 debug: Our import map(foo:/bar): {
  "imports": {
    "cc": "cce:/internal/x/cc",
    "db://internal/": "file:///D:/cocos/Creator/3.8.6/resources/resources/3d/engine/editor/assets/",
    "db://assets/": "file:///E:/work_space/wx/Cat_Journey/assets/"
  }
}
18:46:27.903 debug: Our import map(foo:/bar): {
  "imports": {
    "cc": "cce:/internal/x/cc",
    "db://internal/": "file:///D:/cocos/Creator/3.8.6/resources/resources/3d/engine/editor/assets/",
    "db://assets/": "file:///E:/work_space/wx/Cat_Journey/assets/"
  }
}
18:46:27.903 debug: Pulling asset-db.
18:46:27.907 debug: Fetch asset-db cost: 4.099299999999857ms.
18:46:27.907 debug: Build iteration starts.
Number of accumulated asset changes: 17
Feature changed: false
18:46:27.908 debug: Target(editor) build started.
18:46:27.911 debug: Detected change: cce:/internal/x/cc. Last mtime: Thu Jan 01 1970 08:00:13 GMT+0800 (香港标准时间), Current mtime: Thu Jan 01 1970 08:00:04 GMT+0800 (香港标准时间)
18:46:27.911 debug: Inspect cce:/internal/x/cc
18:46:27.995 debug: transform url: 'cce:/internal/x/cc' costs: 83.20 ms
18:46:27.997 debug: Resolve cce:/internal/x/cc-fu/base from cce:/internal/x/cc as external dependency cce:/internal/x/cc-fu/base.
18:46:27.997 debug: Resolve cce:/internal/x/cc-fu/gfx-webgl from cce:/internal/x/cc as external dependency cce:/internal/x/cc-fu/gfx-webgl.
18:46:27.997 debug: Resolve cce:/internal/x/cc-fu/gfx-webgl2 from cce:/internal/x/cc as external dependency cce:/internal/x/cc-fu/gfx-webgl2.
18:46:27.997 debug: Resolve cce:/internal/x/cc-fu/gfx-empty from cce:/internal/x/cc as external dependency cce:/internal/x/cc-fu/gfx-empty.
18:46:27.997 debug: Resolve cce:/internal/x/cc-fu/gfx-webgpu from cce:/internal/x/cc as external dependency cce:/internal/x/cc-fu/gfx-webgpu.
18:46:27.997 debug: Resolve cce:/internal/x/cc-fu/3d from cce:/internal/x/cc as external dependency cce:/internal/x/cc-fu/3d.
18:46:27.998 debug: Resolve cce:/internal/x/cc-fu/animation from cce:/internal/x/cc as external dependency cce:/internal/x/cc-fu/animation.
18:46:27.998 debug: Resolve cce:/internal/x/cc-fu/skeletal-animation from cce:/internal/x/cc as external dependency cce:/internal/x/cc-fu/skeletal-animation.
18:46:27.998 debug: Resolve cce:/internal/x/cc-fu/2d from cce:/internal/x/cc as external dependency cce:/internal/x/cc-fu/2d.
18:46:27.998 debug: Resolve cce:/internal/x/cc-fu/sorting from cce:/internal/x/cc as external dependency cce:/internal/x/cc-fu/sorting.
18:46:27.998 debug: Resolve cce:/internal/x/cc-fu/rich-text from cce:/internal/x/cc as external dependency cce:/internal/x/cc-fu/rich-text.
18:46:27.998 debug: Resolve cce:/internal/x/cc-fu/mask from cce:/internal/x/cc as external dependency cce:/internal/x/cc-fu/mask.
18:46:27.998 debug: Resolve cce:/internal/x/cc-fu/graphics from cce:/internal/x/cc as external dependency cce:/internal/x/cc-fu/graphics.
18:46:27.998 debug: Resolve cce:/internal/x/cc-fu/ui-skew from cce:/internal/x/cc as external dependency cce:/internal/x/cc-fu/ui-skew.
18:46:27.998 debug: Resolve cce:/internal/x/cc-fu/ui from cce:/internal/x/cc as external dependency cce:/internal/x/cc-fu/ui.
18:46:27.998 debug: Resolve cce:/internal/x/cc-fu/affine-transform from cce:/internal/x/cc as external dependency cce:/internal/x/cc-fu/affine-transform.
18:46:27.998 debug: Resolve cce:/internal/x/cc-fu/particle from cce:/internal/x/cc as external dependency cce:/internal/x/cc-fu/particle.
18:46:27.998 debug: Resolve cce:/internal/x/cc-fu/particle-2d from cce:/internal/x/cc as external dependency cce:/internal/x/cc-fu/particle-2d.
18:46:27.998 debug: Resolve cce:/internal/x/cc-fu/physics-framework from cce:/internal/x/cc as external dependency cce:/internal/x/cc-fu/physics-framework.
18:46:27.998 debug: Resolve cce:/internal/x/cc-fu/physics-cannon from cce:/internal/x/cc as external dependency cce:/internal/x/cc-fu/physics-cannon.
18:46:27.998 debug: Resolve cce:/internal/x/cc-fu/physics-physx from cce:/internal/x/cc as external dependency cce:/internal/x/cc-fu/physics-physx.
18:46:27.999 debug: Resolve cce:/internal/x/cc-fu/physics-ammo from cce:/internal/x/cc as external dependency cce:/internal/x/cc-fu/physics-ammo.
18:46:27.999 debug: Resolve cce:/internal/x/cc-fu/physics-builtin from cce:/internal/x/cc as external dependency cce:/internal/x/cc-fu/physics-builtin.
18:46:27.999 debug: Resolve cce:/internal/x/cc-fu/physics-2d-framework from cce:/internal/x/cc as external dependency cce:/internal/x/cc-fu/physics-2d-framework.
18:46:27.999 debug: Resolve cce:/internal/x/cc-fu/physics-2d-box2d-jsb from cce:/internal/x/cc as external dependency cce:/internal/x/cc-fu/physics-2d-box2d-jsb.
18:46:27.999 debug: Resolve cce:/internal/x/cc-fu/physics-2d-box2d from cce:/internal/x/cc as external dependency cce:/internal/x/cc-fu/physics-2d-box2d.
18:46:27.999 debug: Resolve cce:/internal/x/cc-fu/physics-2d-builtin from cce:/internal/x/cc as external dependency cce:/internal/x/cc-fu/physics-2d-builtin.
18:46:27.999 debug: Resolve cce:/internal/x/cc-fu/physics-2d-box2d-wasm from cce:/internal/x/cc as external dependency cce:/internal/x/cc-fu/physics-2d-box2d-wasm.
18:46:27.999 debug: Resolve cce:/internal/x/cc-fu/intersection-2d from cce:/internal/x/cc as external dependency cce:/internal/x/cc-fu/intersection-2d.
18:46:27.999 debug: Resolve cce:/internal/x/cc-fu/primitive from cce:/internal/x/cc as external dependency cce:/internal/x/cc-fu/primitive.
18:46:27.999 debug: Resolve cce:/internal/x/cc-fu/profiler from cce:/internal/x/cc as external dependency cce:/internal/x/cc-fu/profiler.
18:46:27.999 debug: Resolve cce:/internal/x/cc-fu/geometry-renderer from cce:/internal/x/cc as external dependency cce:/internal/x/cc-fu/geometry-renderer.
18:46:27.999 debug: Resolve cce:/internal/x/cc-fu/audio from cce:/internal/x/cc as external dependency cce:/internal/x/cc-fu/audio.
18:46:27.999 debug: Resolve cce:/internal/x/cc-fu/video from cce:/internal/x/cc as external dependency cce:/internal/x/cc-fu/video.
18:46:27.999 debug: Resolve cce:/internal/x/cc-fu/xr from cce:/internal/x/cc as external dependency cce:/internal/x/cc-fu/xr.
18:46:27.999 debug: Resolve cce:/internal/x/cc-fu/light-probe from cce:/internal/x/cc as external dependency cce:/internal/x/cc-fu/light-probe.
18:46:27.999 debug: Resolve cce:/internal/x/cc-fu/terrain from cce:/internal/x/cc as external dependency cce:/internal/x/cc-fu/terrain.
18:46:27.999 debug: Resolve cce:/internal/x/cc-fu/webview from cce:/internal/x/cc as external dependency cce:/internal/x/cc-fu/webview.
18:46:27.999 debug: Resolve cce:/internal/x/cc-fu/tween from cce:/internal/x/cc as external dependency cce:/internal/x/cc-fu/tween.
18:46:27.999 debug: Resolve cce:/internal/x/cc-fu/tiled-map from cce:/internal/x/cc as external dependency cce:/internal/x/cc-fu/tiled-map.
18:46:27.999 debug: Resolve cce:/internal/x/cc-fu/vendor-google from cce:/internal/x/cc as external dependency cce:/internal/x/cc-fu/vendor-google.
18:46:27.999 debug: Resolve cce:/internal/x/cc-fu/spine from cce:/internal/x/cc as external dependency cce:/internal/x/cc-fu/spine.
18:46:27.999 debug: Resolve cce:/internal/x/cc-fu/dragon-bones from cce:/internal/x/cc as external dependency cce:/internal/x/cc-fu/dragon-bones.
18:46:27.999 debug: Resolve cce:/internal/x/cc-fu/custom-pipeline from cce:/internal/x/cc as external dependency cce:/internal/x/cc-fu/custom-pipeline.
18:46:27.999 debug: Resolve cce:/internal/x/cc-fu/custom-pipeline-post-process from cce:/internal/x/cc as external dependency cce:/internal/x/cc-fu/custom-pipeline-post-process.
18:46:27.999 debug: Resolve cce:/internal/x/cc-fu/legacy-pipeline from cce:/internal/x/cc as external dependency cce:/internal/x/cc-fu/legacy-pipeline.
18:46:28.000 debug: Detected change: cce:/internal/x/prerequisite-imports. Last mtime: Thu Jan 01 1970 09:01:29 GMT+0800 (香港标准时间), Current mtime: Thu Jan 01 1970 08:00:04 GMT+0800 (香港标准时间)
18:46:28.000 debug: Inspect cce:/internal/x/prerequisite-imports
18:46:28.024 debug: transform url: 'cce:/internal/x/prerequisite-imports' costs: 24.70 ms
18:46:28.027 debug: Resolve file:///D:/cocos/Creator/3.8.6/resources/resources/3d/engine/editor/assets/default_renderpipeline/builtin-dof-pass.ts from cce:/internal/x/prerequisite-imports as file:///D:/cocos/Creator/3.8.6/resources/resources/3d/engine/editor/assets/default_renderpipeline/builtin-dof-pass.ts.
18:46:28.027 debug: Resolve file:///D:/cocos/Creator/3.8.6/resources/resources/3d/engine/editor/assets/default_renderpipeline/builtin-pipeline-pass.ts from cce:/internal/x/prerequisite-imports as file:///D:/cocos/Creator/3.8.6/resources/resources/3d/engine/editor/assets/default_renderpipeline/builtin-pipeline-pass.ts.
18:46:28.028 debug: Resolve file:///D:/cocos/Creator/3.8.6/resources/resources/3d/engine/editor/assets/default_renderpipeline/builtin-pipeline-settings.ts from cce:/internal/x/prerequisite-imports as file:///D:/cocos/Creator/3.8.6/resources/resources/3d/engine/editor/assets/default_renderpipeline/builtin-pipeline-settings.ts.
18:46:28.028 debug: Resolve file:///D:/cocos/Creator/3.8.6/resources/resources/3d/engine/editor/assets/default_renderpipeline/builtin-pipeline-types.ts from cce:/internal/x/prerequisite-imports as file:///D:/cocos/Creator/3.8.6/resources/resources/3d/engine/editor/assets/default_renderpipeline/builtin-pipeline-types.ts.
18:46:28.029 debug: Resolve file:///D:/cocos/Creator/3.8.6/resources/resources/3d/engine/editor/assets/default_renderpipeline/builtin-pipeline.ts from cce:/internal/x/prerequisite-imports as file:///D:/cocos/Creator/3.8.6/resources/resources/3d/engine/editor/assets/default_renderpipeline/builtin-pipeline.ts.
18:46:28.030 debug: Resolve file:///D:/cocos/Creator/3.8.6/resources/resources/3d/engine/editor/assets/tools/debug-view-runtime-control.ts from cce:/internal/x/prerequisite-imports as file:///D:/cocos/Creator/3.8.6/resources/resources/3d/engine/editor/assets/tools/debug-view-runtime-control.ts.
18:46:28.030 debug: Resolve file:///E:/work_space/wx/Cat_Journey/assets/scripts/Ball.ts from cce:/internal/x/prerequisite-imports as file:///E:/work_space/wx/Cat_Journey/assets/scripts/Ball.ts.
18:46:28.031 debug: Resolve file:///E:/work_space/wx/Cat_Journey/assets/scripts/Brick.ts from cce:/internal/x/prerequisite-imports as file:///E:/work_space/wx/Cat_Journey/assets/scripts/Brick.ts.
18:46:28.031 debug: Resolve file:///E:/work_space/wx/Cat_Journey/assets/scripts/DeathZone.ts from cce:/internal/x/prerequisite-imports as file:///E:/work_space/wx/Cat_Journey/assets/scripts/DeathZone.ts.
18:46:28.031 debug: Resolve file:///E:/work_space/wx/Cat_Journey/assets/scripts/GameManager.ts from cce:/internal/x/prerequisite-imports as file:///E:/work_space/wx/Cat_Journey/assets/scripts/GameManager.ts.
18:46:28.031 debug: Resolve file:///E:/work_space/wx/Cat_Journey/assets/scripts/Laser.ts from cce:/internal/x/prerequisite-imports as file:///E:/work_space/wx/Cat_Journey/assets/scripts/Laser.ts.
18:46:28.032 debug: Resolve file:///E:/work_space/wx/Cat_Journey/assets/scripts/LaserPaddlePowerUp.ts from cce:/internal/x/prerequisite-imports as file:///E:/work_space/wx/Cat_Journey/assets/scripts/LaserPaddlePowerUp.ts.
18:46:28.032 debug: Resolve file:///E:/work_space/wx/Cat_Journey/assets/scripts/MultiBallPowerUp.ts from cce:/internal/x/prerequisite-imports as file:///E:/work_space/wx/Cat_Journey/assets/scripts/MultiBallPowerUp.ts.
18:46:28.032 debug: Resolve file:///E:/work_space/wx/Cat_Journey/assets/scripts/PaddleController.ts from cce:/internal/x/prerequisite-imports as file:///E:/work_space/wx/Cat_Journey/assets/scripts/PaddleController.ts.
18:46:28.033 debug: Resolve file:///E:/work_space/wx/Cat_Journey/assets/scripts/PowerUp.ts from cce:/internal/x/prerequisite-imports as file:///E:/work_space/wx/Cat_Journey/assets/scripts/PowerUp.ts.
18:46:28.033 debug: Resolve file:///E:/work_space/wx/Cat_Journey/assets/scripts/RelicManager.ts from cce:/internal/x/prerequisite-imports as file:///E:/work_space/wx/Cat_Journey/assets/scripts/RelicManager.ts.
18:46:28.033 debug: Resolve file:///E:/work_space/wx/Cat_Journey/assets/scripts/RelicUI.ts from cce:/internal/x/prerequisite-imports as file:///E:/work_space/wx/Cat_Journey/assets/scripts/RelicUI.ts.
18:46:28.033 debug: Resolve cce:/internal/code-quality/cr.mjs from file:///D:/cocos/Creator/3.8.6/resources/resources/3d/engine/editor/assets/default_renderpipeline/builtin-dof-pass.ts as cce:/internal/code-quality/cr.mjs.
18:46:28.034 debug: Detected change: cce:/internal/code-quality/cr.mjs. Last mtime: Fri Sep 12 2025 20:55:17 GMT+0800 (香港标准时间), Current mtime: Sat Sep 13 2025 18:46:23 GMT+0800 (香港标准时间)
18:46:28.034 debug: Inspect cce:/internal/code-quality/cr.mjs
18:46:28.050 debug: transform url: 'cce:/internal/code-quality/cr.mjs' costs: 16.70 ms
18:46:28.053 debug: Resolve cc from file:///D:/cocos/Creator/3.8.6/resources/resources/3d/engine/editor/assets/default_renderpipeline/builtin-dof-pass.ts as cce:/internal/x/cc.
18:46:28.053 debug: Resolve cc from file:///D:/cocos/Creator/3.8.6/resources/resources/3d/engine/editor/assets/default_renderpipeline/builtin-dof-pass.ts as cce:/internal/x/cc.
18:46:28.053 debug: Resolve cc from file:///D:/cocos/Creator/3.8.6/resources/resources/3d/engine/editor/assets/default_renderpipeline/builtin-dof-pass.ts as cce:/internal/x/cc.
18:46:28.053 debug: Resolve cc/env from file:///D:/cocos/Creator/3.8.6/resources/resources/3d/engine/editor/assets/default_renderpipeline/builtin-dof-pass.ts as external dependency cc/env.
18:46:28.054 debug: Resolve ./builtin-pipeline-settings from file:///D:/cocos/Creator/3.8.6/resources/resources/3d/engine/editor/assets/default_renderpipeline/builtin-dof-pass.ts as file:///D:/cocos/Creator/3.8.6/resources/resources/3d/engine/editor/assets/default_renderpipeline/builtin-pipeline-settings.ts.
18:46:28.054 debug: Resolve ./builtin-pipeline-pass from file:///D:/cocos/Creator/3.8.6/resources/resources/3d/engine/editor/assets/default_renderpipeline/builtin-dof-pass.ts as file:///D:/cocos/Creator/3.8.6/resources/resources/3d/engine/editor/assets/default_renderpipeline/builtin-pipeline-pass.ts.
18:46:28.055 debug: Resolve ./builtin-pipeline from file:///D:/cocos/Creator/3.8.6/resources/resources/3d/engine/editor/assets/default_renderpipeline/builtin-dof-pass.ts as file:///D:/cocos/Creator/3.8.6/resources/resources/3d/engine/editor/assets/default_renderpipeline/builtin-pipeline.ts.
18:46:28.055 debug: Resolve cce:/internal/code-quality/cr.mjs from file:///D:/cocos/Creator/3.8.6/resources/resources/3d/engine/editor/assets/default_renderpipeline/builtin-pipeline-settings.ts as cce:/internal/code-quality/cr.mjs.
18:46:28.055 debug: Resolve cc from file:///D:/cocos/Creator/3.8.6/resources/resources/3d/engine/editor/assets/default_renderpipeline/builtin-pipeline-settings.ts as cce:/internal/x/cc.
18:46:28.055 debug: Resolve cc from file:///D:/cocos/Creator/3.8.6/resources/resources/3d/engine/editor/assets/default_renderpipeline/builtin-pipeline-settings.ts as cce:/internal/x/cc.
18:46:28.055 debug: Resolve cc from file:///D:/cocos/Creator/3.8.6/resources/resources/3d/engine/editor/assets/default_renderpipeline/builtin-pipeline-settings.ts as cce:/internal/x/cc.
18:46:28.055 debug: Resolve cc/env from file:///D:/cocos/Creator/3.8.6/resources/resources/3d/engine/editor/assets/default_renderpipeline/builtin-pipeline-settings.ts as external dependency cc/env.
18:46:28.056 debug: Resolve ./builtin-pipeline-types from file:///D:/cocos/Creator/3.8.6/resources/resources/3d/engine/editor/assets/default_renderpipeline/builtin-pipeline-settings.ts as file:///D:/cocos/Creator/3.8.6/resources/resources/3d/engine/editor/assets/default_renderpipeline/builtin-pipeline-types.ts.
18:46:28.056 debug: Resolve cc from file:///D:/cocos/Creator/3.8.6/resources/resources/3d/engine/editor/assets/default_renderpipeline/builtin-pipeline-types.ts as cce:/internal/x/cc.
18:46:28.056 debug: Resolve cc from file:///D:/cocos/Creator/3.8.6/resources/resources/3d/engine/editor/assets/default_renderpipeline/builtin-pipeline-types.ts as cce:/internal/x/cc.
18:46:28.056 debug: Resolve cc from file:///D:/cocos/Creator/3.8.6/resources/resources/3d/engine/editor/assets/default_renderpipeline/builtin-pipeline-types.ts as cce:/internal/x/cc.
18:46:28.056 debug: Resolve cce:/internal/code-quality/cr.mjs from file:///D:/cocos/Creator/3.8.6/resources/resources/3d/engine/editor/assets/default_renderpipeline/builtin-pipeline-pass.ts as cce:/internal/code-quality/cr.mjs.
18:46:28.056 debug: Resolve cc from file:///D:/cocos/Creator/3.8.6/resources/resources/3d/engine/editor/assets/default_renderpipeline/builtin-pipeline-pass.ts as cce:/internal/x/cc.
18:46:28.056 debug: Resolve cc from file:///D:/cocos/Creator/3.8.6/resources/resources/3d/engine/editor/assets/default_renderpipeline/builtin-pipeline-pass.ts as cce:/internal/x/cc.
18:46:28.056 debug: Resolve cc from file:///D:/cocos/Creator/3.8.6/resources/resources/3d/engine/editor/assets/default_renderpipeline/builtin-pipeline-pass.ts as cce:/internal/x/cc.
18:46:28.056 debug: Resolve ./builtin-pipeline-settings from file:///D:/cocos/Creator/3.8.6/resources/resources/3d/engine/editor/assets/default_renderpipeline/builtin-pipeline-pass.ts as file:///D:/cocos/Creator/3.8.6/resources/resources/3d/engine/editor/assets/default_renderpipeline/builtin-pipeline-settings.ts.
18:46:28.057 debug: Resolve cc/env from file:///D:/cocos/Creator/3.8.6/resources/resources/3d/engine/editor/assets/default_renderpipeline/builtin-pipeline-pass.ts as external dependency cc/env.
18:46:28.057 debug: Resolve cce:/internal/code-quality/cr.mjs from file:///D:/cocos/Creator/3.8.6/resources/resources/3d/engine/editor/assets/default_renderpipeline/builtin-pipeline.ts as cce:/internal/code-quality/cr.mjs.
18:46:28.057 debug: Resolve cc from file:///D:/cocos/Creator/3.8.6/resources/resources/3d/engine/editor/assets/default_renderpipeline/builtin-pipeline.ts as cce:/internal/x/cc.
18:46:28.057 debug: Resolve cc from file:///D:/cocos/Creator/3.8.6/resources/resources/3d/engine/editor/assets/default_renderpipeline/builtin-pipeline.ts as cce:/internal/x/cc.
18:46:28.057 debug: Resolve cc from file:///D:/cocos/Creator/3.8.6/resources/resources/3d/engine/editor/assets/default_renderpipeline/builtin-pipeline.ts as cce:/internal/x/cc.
18:46:28.057 debug: Resolve cc/env from file:///D:/cocos/Creator/3.8.6/resources/resources/3d/engine/editor/assets/default_renderpipeline/builtin-pipeline.ts as external dependency cc/env.
18:46:28.058 debug: Resolve ./builtin-pipeline-types from file:///D:/cocos/Creator/3.8.6/resources/resources/3d/engine/editor/assets/default_renderpipeline/builtin-pipeline.ts as file:///D:/cocos/Creator/3.8.6/resources/resources/3d/engine/editor/assets/default_renderpipeline/builtin-pipeline-types.ts.
18:46:28.058 debug: Resolve cc from file:///D:/cocos/Creator/3.8.6/resources/resources/3d/engine/editor/assets/tools/debug-view-runtime-control.ts as cce:/internal/x/cc.
18:46:28.058 debug: Resolve cc from file:///D:/cocos/Creator/3.8.6/resources/resources/3d/engine/editor/assets/tools/debug-view-runtime-control.ts as cce:/internal/x/cc.
18:46:28.058 debug: Resolve cc from file:///D:/cocos/Creator/3.8.6/resources/resources/3d/engine/editor/assets/tools/debug-view-runtime-control.ts as cce:/internal/x/cc.
18:46:28.058 debug: Resolve cc from file:///E:/work_space/wx/Cat_Journey/assets/scripts/Ball.ts as cce:/internal/x/cc.
18:46:28.058 debug: Resolve cc from file:///E:/work_space/wx/Cat_Journey/assets/scripts/Ball.ts as cce:/internal/x/cc.
18:46:28.058 debug: Resolve cc from file:///E:/work_space/wx/Cat_Journey/assets/scripts/Ball.ts as cce:/internal/x/cc.
18:46:28.058 debug: Resolve cce:/internal/code-quality/cr.mjs from file:///E:/work_space/wx/Cat_Journey/assets/scripts/Brick.ts as cce:/internal/code-quality/cr.mjs.
18:46:28.058 debug: Resolve cc from file:///E:/work_space/wx/Cat_Journey/assets/scripts/Brick.ts as cce:/internal/x/cc.
18:46:28.058 debug: Resolve cc from file:///E:/work_space/wx/Cat_Journey/assets/scripts/Brick.ts as cce:/internal/x/cc.
18:46:28.058 debug: Resolve cc from file:///E:/work_space/wx/Cat_Journey/assets/scripts/Brick.ts as cce:/internal/x/cc.
18:46:28.059 debug: Resolve ./GameManager from file:///E:/work_space/wx/Cat_Journey/assets/scripts/Brick.ts as file:///E:/work_space/wx/Cat_Journey/assets/scripts/GameManager.ts.
18:46:28.059 debug: Resolve ./RelicManager from file:///E:/work_space/wx/Cat_Journey/assets/scripts/Brick.ts as file:///E:/work_space/wx/Cat_Journey/assets/scripts/RelicManager.ts.
18:46:28.059 debug: Resolve cce:/internal/code-quality/cr.mjs from file:///E:/work_space/wx/Cat_Journey/assets/scripts/GameManager.ts as cce:/internal/code-quality/cr.mjs.
18:46:28.059 debug: Resolve cc from file:///E:/work_space/wx/Cat_Journey/assets/scripts/GameManager.ts as cce:/internal/x/cc.
18:46:28.059 debug: Resolve cc from file:///E:/work_space/wx/Cat_Journey/assets/scripts/GameManager.ts as cce:/internal/x/cc.
18:46:28.059 debug: Resolve cc from file:///E:/work_space/wx/Cat_Journey/assets/scripts/GameManager.ts as cce:/internal/x/cc.
18:46:28.059 debug: Resolve ./RelicManager from file:///E:/work_space/wx/Cat_Journey/assets/scripts/GameManager.ts as file:///E:/work_space/wx/Cat_Journey/assets/scripts/RelicManager.ts.
18:46:28.060 debug: Resolve cc from file:///E:/work_space/wx/Cat_Journey/assets/scripts/RelicManager.ts as cce:/internal/x/cc.
18:46:28.060 debug: Resolve cc from file:///E:/work_space/wx/Cat_Journey/assets/scripts/RelicManager.ts as cce:/internal/x/cc.
18:46:28.060 debug: Resolve cc from file:///E:/work_space/wx/Cat_Journey/assets/scripts/RelicManager.ts as cce:/internal/x/cc.
18:46:28.060 debug: Resolve cce:/internal/code-quality/cr.mjs from file:///E:/work_space/wx/Cat_Journey/assets/scripts/DeathZone.ts as cce:/internal/code-quality/cr.mjs.
18:46:28.060 debug: Resolve cc from file:///E:/work_space/wx/Cat_Journey/assets/scripts/DeathZone.ts as cce:/internal/x/cc.
18:46:28.060 debug: Resolve cc from file:///E:/work_space/wx/Cat_Journey/assets/scripts/DeathZone.ts as cce:/internal/x/cc.
18:46:28.060 debug: Resolve cc from file:///E:/work_space/wx/Cat_Journey/assets/scripts/DeathZone.ts as cce:/internal/x/cc.
18:46:28.060 debug: Resolve ./GameManager from file:///E:/work_space/wx/Cat_Journey/assets/scripts/DeathZone.ts as file:///E:/work_space/wx/Cat_Journey/assets/scripts/GameManager.ts.
18:46:28.060 debug: Resolve cc from file:///E:/work_space/wx/Cat_Journey/assets/scripts/Laser.ts as cce:/internal/x/cc.
18:46:28.060 debug: Resolve cc from file:///E:/work_space/wx/Cat_Journey/assets/scripts/Laser.ts as cce:/internal/x/cc.
18:46:28.060 debug: Resolve cc from file:///E:/work_space/wx/Cat_Journey/assets/scripts/Laser.ts as cce:/internal/x/cc.
18:46:28.060 debug: Resolve cce:/internal/code-quality/cr.mjs from file:///E:/work_space/wx/Cat_Journey/assets/scripts/LaserPaddlePowerUp.ts as cce:/internal/code-quality/cr.mjs.
18:46:28.060 debug: Resolve cc from file:///E:/work_space/wx/Cat_Journey/assets/scripts/LaserPaddlePowerUp.ts as cce:/internal/x/cc.
18:46:28.060 debug: Resolve cc from file:///E:/work_space/wx/Cat_Journey/assets/scripts/LaserPaddlePowerUp.ts as cce:/internal/x/cc.
18:46:28.060 debug: Resolve cc from file:///E:/work_space/wx/Cat_Journey/assets/scripts/LaserPaddlePowerUp.ts as cce:/internal/x/cc.
18:46:28.061 debug: Resolve ./PowerUp from file:///E:/work_space/wx/Cat_Journey/assets/scripts/LaserPaddlePowerUp.ts as file:///E:/work_space/wx/Cat_Journey/assets/scripts/PowerUp.ts.
18:46:28.061 debug: Resolve cce:/internal/code-quality/cr.mjs from file:///E:/work_space/wx/Cat_Journey/assets/scripts/PowerUp.ts as cce:/internal/code-quality/cr.mjs.
18:46:28.061 debug: Resolve cc from file:///E:/work_space/wx/Cat_Journey/assets/scripts/PowerUp.ts as cce:/internal/x/cc.
18:46:28.061 debug: Resolve cc from file:///E:/work_space/wx/Cat_Journey/assets/scripts/PowerUp.ts as cce:/internal/x/cc.
18:46:28.061 debug: Resolve cc from file:///E:/work_space/wx/Cat_Journey/assets/scripts/PowerUp.ts as cce:/internal/x/cc.
18:46:28.061 debug: Resolve ./GameManager from file:///E:/work_space/wx/Cat_Journey/assets/scripts/PowerUp.ts as file:///E:/work_space/wx/Cat_Journey/assets/scripts/GameManager.ts.
18:46:28.061 debug: Resolve cce:/internal/code-quality/cr.mjs from file:///E:/work_space/wx/Cat_Journey/assets/scripts/MultiBallPowerUp.ts as cce:/internal/code-quality/cr.mjs.
18:46:28.061 debug: Resolve cc from file:///E:/work_space/wx/Cat_Journey/assets/scripts/MultiBallPowerUp.ts as cce:/internal/x/cc.
18:46:28.061 debug: Resolve cc from file:///E:/work_space/wx/Cat_Journey/assets/scripts/MultiBallPowerUp.ts as cce:/internal/x/cc.
18:46:28.061 debug: Resolve cc from file:///E:/work_space/wx/Cat_Journey/assets/scripts/MultiBallPowerUp.ts as cce:/internal/x/cc.
18:46:28.062 debug: Resolve ./PowerUp from file:///E:/work_space/wx/Cat_Journey/assets/scripts/MultiBallPowerUp.ts as file:///E:/work_space/wx/Cat_Journey/assets/scripts/PowerUp.ts.
18:46:28.062 debug: Resolve cc from file:///E:/work_space/wx/Cat_Journey/assets/scripts/PaddleController.ts as cce:/internal/x/cc.
18:46:28.062 debug: Resolve cc from file:///E:/work_space/wx/Cat_Journey/assets/scripts/PaddleController.ts as cce:/internal/x/cc.
18:46:28.062 debug: Resolve cc from file:///E:/work_space/wx/Cat_Journey/assets/scripts/PaddleController.ts as cce:/internal/x/cc.
18:46:28.062 debug: Resolve cce:/internal/code-quality/cr.mjs from file:///E:/work_space/wx/Cat_Journey/assets/scripts/RelicUI.ts as cce:/internal/code-quality/cr.mjs.
18:46:28.062 debug: Resolve cc from file:///E:/work_space/wx/Cat_Journey/assets/scripts/RelicUI.ts as cce:/internal/x/cc.
18:46:28.062 debug: Resolve cc from file:///E:/work_space/wx/Cat_Journey/assets/scripts/RelicUI.ts as cce:/internal/x/cc.
18:46:28.062 debug: Resolve cc from file:///E:/work_space/wx/Cat_Journey/assets/scripts/RelicUI.ts as cce:/internal/x/cc.
18:46:28.062 debug: Resolve ./RelicManager from file:///E:/work_space/wx/Cat_Journey/assets/scripts/RelicUI.ts as file:///E:/work_space/wx/Cat_Journey/assets/scripts/RelicManager.ts.
18:46:28.080 debug: Target(editor) ends with cost 171.78639999999996ms.
18:46:28.080 debug: Target(preview) build started.
18:46:28.083 debug: Detected change: cce:/internal/x/cc. Last mtime: Thu Jan 01 1970 08:00:13 GMT+0800 (香港标准时间), Current mtime: Thu Jan 01 1970 08:00:04 GMT+0800 (香港标准时间)
18:46:28.083 debug: Inspect cce:/internal/x/cc
18:46:28.122 debug: transform url: 'cce:/internal/x/cc' costs: 38.80 ms
18:46:28.124 debug: Resolve cce:/internal/x/cc-fu/2d from cce:/internal/x/cc as external dependency cce:/internal/x/cc-fu/2d.
18:46:28.124 debug: Resolve cce:/internal/x/cc-fu/sorting from cce:/internal/x/cc as external dependency cce:/internal/x/cc-fu/sorting.
18:46:28.124 debug: Resolve cce:/internal/x/cc-fu/3d from cce:/internal/x/cc as external dependency cce:/internal/x/cc-fu/3d.
18:46:28.124 debug: Resolve cce:/internal/x/cc-fu/affine-transform from cce:/internal/x/cc as external dependency cce:/internal/x/cc-fu/affine-transform.
18:46:28.124 debug: Resolve cce:/internal/x/cc-fu/animation from cce:/internal/x/cc as external dependency cce:/internal/x/cc-fu/animation.
18:46:28.124 debug: Resolve cce:/internal/x/cc-fu/audio from cce:/internal/x/cc as external dependency cce:/internal/x/cc-fu/audio.
18:46:28.124 debug: Resolve cce:/internal/x/cc-fu/base from cce:/internal/x/cc as external dependency cce:/internal/x/cc-fu/base.
18:46:28.124 debug: Resolve cce:/internal/x/cc-fu/custom-pipeline from cce:/internal/x/cc as external dependency cce:/internal/x/cc-fu/custom-pipeline.
18:46:28.124 debug: Resolve cce:/internal/x/cc-fu/dragon-bones from cce:/internal/x/cc as external dependency cce:/internal/x/cc-fu/dragon-bones.
18:46:28.124 debug: Resolve cce:/internal/x/cc-fu/gfx-webgl from cce:/internal/x/cc as external dependency cce:/internal/x/cc-fu/gfx-webgl.
18:46:28.124 debug: Resolve cce:/internal/x/cc-fu/graphics from cce:/internal/x/cc as external dependency cce:/internal/x/cc-fu/graphics.
18:46:28.124 debug: Resolve cce:/internal/x/cc-fu/intersection-2d from cce:/internal/x/cc as external dependency cce:/internal/x/cc-fu/intersection-2d.
18:46:28.124 debug: Resolve cce:/internal/x/cc-fu/light-probe from cce:/internal/x/cc as external dependency cce:/internal/x/cc-fu/light-probe.
18:46:28.124 debug: Resolve cce:/internal/x/cc-fu/mask from cce:/internal/x/cc as external dependency cce:/internal/x/cc-fu/mask.
18:46:28.124 debug: Resolve cce:/internal/x/cc-fu/particle from cce:/internal/x/cc as external dependency cce:/internal/x/cc-fu/particle.
18:46:28.124 debug: Resolve cce:/internal/x/cc-fu/particle-2d from cce:/internal/x/cc as external dependency cce:/internal/x/cc-fu/particle-2d.
18:46:28.124 debug: Resolve cce:/internal/x/cc-fu/physics-2d-box2d from cce:/internal/x/cc as external dependency cce:/internal/x/cc-fu/physics-2d-box2d.
18:46:28.124 debug: Resolve cce:/internal/x/cc-fu/physics-2d-framework from cce:/internal/x/cc as external dependency cce:/internal/x/cc-fu/physics-2d-framework.
18:46:28.124 debug: Resolve cce:/internal/x/cc-fu/physics-ammo from cce:/internal/x/cc as external dependency cce:/internal/x/cc-fu/physics-ammo.
18:46:28.124 debug: Resolve cce:/internal/x/cc-fu/physics-framework from cce:/internal/x/cc as external dependency cce:/internal/x/cc-fu/physics-framework.
18:46:28.125 debug: Resolve cce:/internal/x/cc-fu/primitive from cce:/internal/x/cc as external dependency cce:/internal/x/cc-fu/primitive.
18:46:28.125 debug: Resolve cce:/internal/x/cc-fu/profiler from cce:/internal/x/cc as external dependency cce:/internal/x/cc-fu/profiler.
18:46:28.125 debug: Resolve cce:/internal/x/cc-fu/rich-text from cce:/internal/x/cc as external dependency cce:/internal/x/cc-fu/rich-text.
18:46:28.125 debug: Resolve cce:/internal/x/cc-fu/skeletal-animation from cce:/internal/x/cc as external dependency cce:/internal/x/cc-fu/skeletal-animation.
18:46:28.125 debug: Resolve cce:/internal/x/cc-fu/spine from cce:/internal/x/cc as external dependency cce:/internal/x/cc-fu/spine.
18:46:28.125 debug: Resolve cce:/internal/x/cc-fu/terrain from cce:/internal/x/cc as external dependency cce:/internal/x/cc-fu/terrain.
18:46:28.125 debug: Resolve cce:/internal/x/cc-fu/tiled-map from cce:/internal/x/cc as external dependency cce:/internal/x/cc-fu/tiled-map.
18:46:28.125 debug: Resolve cce:/internal/x/cc-fu/tween from cce:/internal/x/cc as external dependency cce:/internal/x/cc-fu/tween.
18:46:28.125 debug: Resolve cce:/internal/x/cc-fu/ui from cce:/internal/x/cc as external dependency cce:/internal/x/cc-fu/ui.
18:46:28.125 debug: Resolve cce:/internal/x/cc-fu/ui-skew from cce:/internal/x/cc as external dependency cce:/internal/x/cc-fu/ui-skew.
18:46:28.125 debug: Resolve cce:/internal/x/cc-fu/video from cce:/internal/x/cc as external dependency cce:/internal/x/cc-fu/video.
18:46:28.125 debug: Resolve cce:/internal/x/cc-fu/webview from cce:/internal/x/cc as external dependency cce:/internal/x/cc-fu/webview.
18:46:28.125 debug: Detected change: cce:/internal/x/prerequisite-imports. Last mtime: Thu Jan 01 1970 09:01:30 GMT+0800 (香港标准时间), Current mtime: Thu Jan 01 1970 08:00:04 GMT+0800 (香港标准时间)
18:46:28.125 debug: Inspect cce:/internal/x/prerequisite-imports
18:46:28.144 debug: transform url: 'cce:/internal/x/prerequisite-imports' costs: 18.60 ms
18:46:28.146 debug: Resolve file:///D:/cocos/Creator/3.8.6/resources/resources/3d/engine/editor/assets/default_renderpipeline/builtin-dof-pass.ts from cce:/internal/x/prerequisite-imports as file:///D:/cocos/Creator/3.8.6/resources/resources/3d/engine/editor/assets/default_renderpipeline/builtin-dof-pass.ts.
18:46:28.146 debug: Resolve file:///D:/cocos/Creator/3.8.6/resources/resources/3d/engine/editor/assets/default_renderpipeline/builtin-pipeline-pass.ts from cce:/internal/x/prerequisite-imports as file:///D:/cocos/Creator/3.8.6/resources/resources/3d/engine/editor/assets/default_renderpipeline/builtin-pipeline-pass.ts.
18:46:28.146 debug: Resolve file:///D:/cocos/Creator/3.8.6/resources/resources/3d/engine/editor/assets/default_renderpipeline/builtin-pipeline-settings.ts from cce:/internal/x/prerequisite-imports as file:///D:/cocos/Creator/3.8.6/resources/resources/3d/engine/editor/assets/default_renderpipeline/builtin-pipeline-settings.ts.
18:46:28.147 debug: Resolve file:///D:/cocos/Creator/3.8.6/resources/resources/3d/engine/editor/assets/default_renderpipeline/builtin-pipeline-types.ts from cce:/internal/x/prerequisite-imports as file:///D:/cocos/Creator/3.8.6/resources/resources/3d/engine/editor/assets/default_renderpipeline/builtin-pipeline-types.ts.
18:46:28.147 debug: Resolve file:///D:/cocos/Creator/3.8.6/resources/resources/3d/engine/editor/assets/default_renderpipeline/builtin-pipeline.ts from cce:/internal/x/prerequisite-imports as file:///D:/cocos/Creator/3.8.6/resources/resources/3d/engine/editor/assets/default_renderpipeline/builtin-pipeline.ts.
18:46:28.147 debug: Resolve file:///D:/cocos/Creator/3.8.6/resources/resources/3d/engine/editor/assets/tools/debug-view-runtime-control.ts from cce:/internal/x/prerequisite-imports as file:///D:/cocos/Creator/3.8.6/resources/resources/3d/engine/editor/assets/tools/debug-view-runtime-control.ts.
18:46:28.148 debug: Resolve file:///E:/work_space/wx/Cat_Journey/assets/scripts/Ball.ts from cce:/internal/x/prerequisite-imports as file:///E:/work_space/wx/Cat_Journey/assets/scripts/Ball.ts.
18:46:28.148 debug: Resolve file:///E:/work_space/wx/Cat_Journey/assets/scripts/Brick.ts from cce:/internal/x/prerequisite-imports as file:///E:/work_space/wx/Cat_Journey/assets/scripts/Brick.ts.
18:46:28.148 debug: Resolve file:///E:/work_space/wx/Cat_Journey/assets/scripts/DeathZone.ts from cce:/internal/x/prerequisite-imports as file:///E:/work_space/wx/Cat_Journey/assets/scripts/DeathZone.ts.
18:46:28.148 debug: Resolve file:///E:/work_space/wx/Cat_Journey/assets/scripts/GameManager.ts from cce:/internal/x/prerequisite-imports as file:///E:/work_space/wx/Cat_Journey/assets/scripts/GameManager.ts.
18:46:28.149 debug: Resolve file:///E:/work_space/wx/Cat_Journey/assets/scripts/Laser.ts from cce:/internal/x/prerequisite-imports as file:///E:/work_space/wx/Cat_Journey/assets/scripts/Laser.ts.
18:46:28.149 debug: Resolve file:///E:/work_space/wx/Cat_Journey/assets/scripts/LaserPaddlePowerUp.ts from cce:/internal/x/prerequisite-imports as file:///E:/work_space/wx/Cat_Journey/assets/scripts/LaserPaddlePowerUp.ts.
18:46:28.149 debug: Resolve file:///E:/work_space/wx/Cat_Journey/assets/scripts/MultiBallPowerUp.ts from cce:/internal/x/prerequisite-imports as file:///E:/work_space/wx/Cat_Journey/assets/scripts/MultiBallPowerUp.ts.
18:46:28.150 debug: Resolve file:///E:/work_space/wx/Cat_Journey/assets/scripts/PaddleController.ts from cce:/internal/x/prerequisite-imports as file:///E:/work_space/wx/Cat_Journey/assets/scripts/PaddleController.ts.
18:46:28.150 debug: Resolve file:///E:/work_space/wx/Cat_Journey/assets/scripts/PowerUp.ts from cce:/internal/x/prerequisite-imports as file:///E:/work_space/wx/Cat_Journey/assets/scripts/PowerUp.ts.
18:46:28.150 debug: Resolve file:///E:/work_space/wx/Cat_Journey/assets/scripts/RelicManager.ts from cce:/internal/x/prerequisite-imports as file:///E:/work_space/wx/Cat_Journey/assets/scripts/RelicManager.ts.
18:46:28.150 debug: Resolve file:///E:/work_space/wx/Cat_Journey/assets/scripts/RelicUI.ts from cce:/internal/x/prerequisite-imports as file:///E:/work_space/wx/Cat_Journey/assets/scripts/RelicUI.ts.
18:46:28.150 debug: Resolve cce:/internal/code-quality/cr.mjs from file:///D:/cocos/Creator/3.8.6/resources/resources/3d/engine/editor/assets/default_renderpipeline/builtin-dof-pass.ts as cce:/internal/code-quality/cr.mjs.
18:46:28.151 debug: Detected change: cce:/internal/code-quality/cr.mjs. Last mtime: Fri Sep 12 2025 20:55:17 GMT+0800 (香港标准时间), Current mtime: Sat Sep 13 2025 18:46:23 GMT+0800 (香港标准时间)
18:46:28.151 debug: Inspect cce:/internal/code-quality/cr.mjs
18:46:28.165 debug: transform url: 'cce:/internal/code-quality/cr.mjs' costs: 14.30 ms
18:46:28.167 debug: Resolve cc from file:///D:/cocos/Creator/3.8.6/resources/resources/3d/engine/editor/assets/default_renderpipeline/builtin-dof-pass.ts as cce:/internal/x/cc.
18:46:28.167 debug: Resolve cc from file:///D:/cocos/Creator/3.8.6/resources/resources/3d/engine/editor/assets/default_renderpipeline/builtin-dof-pass.ts as cce:/internal/x/cc.
18:46:28.167 debug: Resolve cc from file:///D:/cocos/Creator/3.8.6/resources/resources/3d/engine/editor/assets/default_renderpipeline/builtin-dof-pass.ts as cce:/internal/x/cc.
18:46:28.167 debug: Resolve cc/env from file:///D:/cocos/Creator/3.8.6/resources/resources/3d/engine/editor/assets/default_renderpipeline/builtin-dof-pass.ts as external dependency cc/env.
18:46:28.168 debug: Resolve ./builtin-pipeline-settings from file:///D:/cocos/Creator/3.8.6/resources/resources/3d/engine/editor/assets/default_renderpipeline/builtin-dof-pass.ts as file:///D:/cocos/Creator/3.8.6/resources/resources/3d/engine/editor/assets/default_renderpipeline/builtin-pipeline-settings.ts.
18:46:28.169 debug: Resolve ./builtin-pipeline-pass from file:///D:/cocos/Creator/3.8.6/resources/resources/3d/engine/editor/assets/default_renderpipeline/builtin-dof-pass.ts as file:///D:/cocos/Creator/3.8.6/resources/resources/3d/engine/editor/assets/default_renderpipeline/builtin-pipeline-pass.ts.
18:46:28.169 debug: Resolve ./builtin-pipeline from file:///D:/cocos/Creator/3.8.6/resources/resources/3d/engine/editor/assets/default_renderpipeline/builtin-dof-pass.ts as file:///D:/cocos/Creator/3.8.6/resources/resources/3d/engine/editor/assets/default_renderpipeline/builtin-pipeline.ts.
18:46:28.169 debug: Resolve cce:/internal/code-quality/cr.mjs from file:///D:/cocos/Creator/3.8.6/resources/resources/3d/engine/editor/assets/default_renderpipeline/builtin-pipeline-settings.ts as cce:/internal/code-quality/cr.mjs.
18:46:28.169 debug: Resolve cc from file:///D:/cocos/Creator/3.8.6/resources/resources/3d/engine/editor/assets/default_renderpipeline/builtin-pipeline-settings.ts as cce:/internal/x/cc.
18:46:28.169 debug: Resolve cc from file:///D:/cocos/Creator/3.8.6/resources/resources/3d/engine/editor/assets/default_renderpipeline/builtin-pipeline-settings.ts as cce:/internal/x/cc.
18:46:28.169 debug: Resolve cc from file:///D:/cocos/Creator/3.8.6/resources/resources/3d/engine/editor/assets/default_renderpipeline/builtin-pipeline-settings.ts as cce:/internal/x/cc.
18:46:28.169 debug: Resolve cc/env from file:///D:/cocos/Creator/3.8.6/resources/resources/3d/engine/editor/assets/default_renderpipeline/builtin-pipeline-settings.ts as external dependency cc/env.
18:46:28.170 debug: Resolve ./builtin-pipeline-types from file:///D:/cocos/Creator/3.8.6/resources/resources/3d/engine/editor/assets/default_renderpipeline/builtin-pipeline-settings.ts as file:///D:/cocos/Creator/3.8.6/resources/resources/3d/engine/editor/assets/default_renderpipeline/builtin-pipeline-types.ts.
18:46:28.170 debug: Resolve cc from file:///D:/cocos/Creator/3.8.6/resources/resources/3d/engine/editor/assets/default_renderpipeline/builtin-pipeline-types.ts as cce:/internal/x/cc.
18:46:28.170 debug: Resolve cc from file:///D:/cocos/Creator/3.8.6/resources/resources/3d/engine/editor/assets/default_renderpipeline/builtin-pipeline-types.ts as cce:/internal/x/cc.
18:46:28.170 debug: Resolve cc from file:///D:/cocos/Creator/3.8.6/resources/resources/3d/engine/editor/assets/default_renderpipeline/builtin-pipeline-types.ts as cce:/internal/x/cc.
18:46:28.170 debug: Resolve cce:/internal/code-quality/cr.mjs from file:///D:/cocos/Creator/3.8.6/resources/resources/3d/engine/editor/assets/default_renderpipeline/builtin-pipeline-pass.ts as cce:/internal/code-quality/cr.mjs.
18:46:28.170 debug: Resolve cc from file:///D:/cocos/Creator/3.8.6/resources/resources/3d/engine/editor/assets/default_renderpipeline/builtin-pipeline-pass.ts as cce:/internal/x/cc.
18:46:28.170 debug: Resolve cc from file:///D:/cocos/Creator/3.8.6/resources/resources/3d/engine/editor/assets/default_renderpipeline/builtin-pipeline-pass.ts as cce:/internal/x/cc.
18:46:28.170 debug: Resolve cc from file:///D:/cocos/Creator/3.8.6/resources/resources/3d/engine/editor/assets/default_renderpipeline/builtin-pipeline-pass.ts as cce:/internal/x/cc.
18:46:28.171 debug: Resolve ./builtin-pipeline-settings from file:///D:/cocos/Creator/3.8.6/resources/resources/3d/engine/editor/assets/default_renderpipeline/builtin-pipeline-pass.ts as file:///D:/cocos/Creator/3.8.6/resources/resources/3d/engine/editor/assets/default_renderpipeline/builtin-pipeline-settings.ts.
18:46:28.172 debug: Resolve cc/env from file:///D:/cocos/Creator/3.8.6/resources/resources/3d/engine/editor/assets/default_renderpipeline/builtin-pipeline-pass.ts as external dependency cc/env.
18:46:28.172 debug: Resolve cce:/internal/code-quality/cr.mjs from file:///D:/cocos/Creator/3.8.6/resources/resources/3d/engine/editor/assets/default_renderpipeline/builtin-pipeline.ts as cce:/internal/code-quality/cr.mjs.
18:46:28.172 debug: Resolve cc from file:///D:/cocos/Creator/3.8.6/resources/resources/3d/engine/editor/assets/default_renderpipeline/builtin-pipeline.ts as cce:/internal/x/cc.
18:46:28.172 debug: Resolve cc from file:///D:/cocos/Creator/3.8.6/resources/resources/3d/engine/editor/assets/default_renderpipeline/builtin-pipeline.ts as cce:/internal/x/cc.
18:46:28.172 debug: Resolve cc from file:///D:/cocos/Creator/3.8.6/resources/resources/3d/engine/editor/assets/default_renderpipeline/builtin-pipeline.ts as cce:/internal/x/cc.
18:46:28.172 debug: Resolve cc/env from file:///D:/cocos/Creator/3.8.6/resources/resources/3d/engine/editor/assets/default_renderpipeline/builtin-pipeline.ts as external dependency cc/env.
18:46:28.173 debug: Resolve ./builtin-pipeline-types from file:///D:/cocos/Creator/3.8.6/resources/resources/3d/engine/editor/assets/default_renderpipeline/builtin-pipeline.ts as file:///D:/cocos/Creator/3.8.6/resources/resources/3d/engine/editor/assets/default_renderpipeline/builtin-pipeline-types.ts.
18:46:28.173 debug: Resolve cc from file:///D:/cocos/Creator/3.8.6/resources/resources/3d/engine/editor/assets/tools/debug-view-runtime-control.ts as cce:/internal/x/cc.
18:46:28.173 debug: Resolve cc from file:///D:/cocos/Creator/3.8.6/resources/resources/3d/engine/editor/assets/tools/debug-view-runtime-control.ts as cce:/internal/x/cc.
18:46:28.173 debug: Resolve cc from file:///D:/cocos/Creator/3.8.6/resources/resources/3d/engine/editor/assets/tools/debug-view-runtime-control.ts as cce:/internal/x/cc.
18:46:28.173 debug: Resolve cc from file:///E:/work_space/wx/Cat_Journey/assets/scripts/Ball.ts as cce:/internal/x/cc.
18:46:28.173 debug: Resolve cc from file:///E:/work_space/wx/Cat_Journey/assets/scripts/Ball.ts as cce:/internal/x/cc.
18:46:28.173 debug: Resolve cc from file:///E:/work_space/wx/Cat_Journey/assets/scripts/Ball.ts as cce:/internal/x/cc.
18:46:28.173 debug: Resolve cce:/internal/code-quality/cr.mjs from file:///E:/work_space/wx/Cat_Journey/assets/scripts/Brick.ts as cce:/internal/code-quality/cr.mjs.
18:46:28.173 debug: Resolve cc from file:///E:/work_space/wx/Cat_Journey/assets/scripts/Brick.ts as cce:/internal/x/cc.
18:46:28.173 debug: Resolve cc from file:///E:/work_space/wx/Cat_Journey/assets/scripts/Brick.ts as cce:/internal/x/cc.
18:46:28.173 debug: Resolve cc from file:///E:/work_space/wx/Cat_Journey/assets/scripts/Brick.ts as cce:/internal/x/cc.
18:46:28.174 debug: Resolve ./GameManager from file:///E:/work_space/wx/Cat_Journey/assets/scripts/Brick.ts as file:///E:/work_space/wx/Cat_Journey/assets/scripts/GameManager.ts.
18:46:28.174 debug: Resolve ./RelicManager from file:///E:/work_space/wx/Cat_Journey/assets/scripts/Brick.ts as file:///E:/work_space/wx/Cat_Journey/assets/scripts/RelicManager.ts.
18:46:28.174 debug: Resolve cce:/internal/code-quality/cr.mjs from file:///E:/work_space/wx/Cat_Journey/assets/scripts/GameManager.ts as cce:/internal/code-quality/cr.mjs.
18:46:28.174 debug: Resolve cc from file:///E:/work_space/wx/Cat_Journey/assets/scripts/GameManager.ts as cce:/internal/x/cc.
18:46:28.174 debug: Resolve cc from file:///E:/work_space/wx/Cat_Journey/assets/scripts/GameManager.ts as cce:/internal/x/cc.
18:46:28.174 debug: Resolve cc from file:///E:/work_space/wx/Cat_Journey/assets/scripts/GameManager.ts as cce:/internal/x/cc.
18:46:28.174 debug: Resolve ./RelicManager from file:///E:/work_space/wx/Cat_Journey/assets/scripts/GameManager.ts as file:///E:/work_space/wx/Cat_Journey/assets/scripts/RelicManager.ts.
18:46:28.174 debug: Resolve cc from file:///E:/work_space/wx/Cat_Journey/assets/scripts/RelicManager.ts as cce:/internal/x/cc.
18:46:28.174 debug: Resolve cc from file:///E:/work_space/wx/Cat_Journey/assets/scripts/RelicManager.ts as cce:/internal/x/cc.
18:46:28.174 debug: Resolve cc from file:///E:/work_space/wx/Cat_Journey/assets/scripts/RelicManager.ts as cce:/internal/x/cc.
18:46:28.174 debug: Resolve cce:/internal/code-quality/cr.mjs from file:///E:/work_space/wx/Cat_Journey/assets/scripts/DeathZone.ts as cce:/internal/code-quality/cr.mjs.
18:46:28.174 debug: Resolve cc from file:///E:/work_space/wx/Cat_Journey/assets/scripts/DeathZone.ts as cce:/internal/x/cc.
18:46:28.174 debug: Resolve cc from file:///E:/work_space/wx/Cat_Journey/assets/scripts/DeathZone.ts as cce:/internal/x/cc.
18:46:28.175 debug: Resolve cc from file:///E:/work_space/wx/Cat_Journey/assets/scripts/DeathZone.ts as cce:/internal/x/cc.
18:46:28.175 debug: Resolve ./GameManager from file:///E:/work_space/wx/Cat_Journey/assets/scripts/DeathZone.ts as file:///E:/work_space/wx/Cat_Journey/assets/scripts/GameManager.ts.
18:46:28.175 debug: Resolve cc from file:///E:/work_space/wx/Cat_Journey/assets/scripts/Laser.ts as cce:/internal/x/cc.
18:46:28.175 debug: Resolve cc from file:///E:/work_space/wx/Cat_Journey/assets/scripts/Laser.ts as cce:/internal/x/cc.
18:46:28.175 debug: Resolve cc from file:///E:/work_space/wx/Cat_Journey/assets/scripts/Laser.ts as cce:/internal/x/cc.
18:46:28.175 debug: Resolve cce:/internal/code-quality/cr.mjs from file:///E:/work_space/wx/Cat_Journey/assets/scripts/LaserPaddlePowerUp.ts as cce:/internal/code-quality/cr.mjs.
18:46:28.175 debug: Resolve cc from file:///E:/work_space/wx/Cat_Journey/assets/scripts/LaserPaddlePowerUp.ts as cce:/internal/x/cc.
18:46:28.175 debug: Resolve cc from file:///E:/work_space/wx/Cat_Journey/assets/scripts/LaserPaddlePowerUp.ts as cce:/internal/x/cc.
18:46:28.175 debug: Resolve cc from file:///E:/work_space/wx/Cat_Journey/assets/scripts/LaserPaddlePowerUp.ts as cce:/internal/x/cc.
18:46:28.175 debug: Resolve ./PowerUp from file:///E:/work_space/wx/Cat_Journey/assets/scripts/LaserPaddlePowerUp.ts as file:///E:/work_space/wx/Cat_Journey/assets/scripts/PowerUp.ts.
18:46:28.175 debug: Resolve cce:/internal/code-quality/cr.mjs from file:///E:/work_space/wx/Cat_Journey/assets/scripts/PowerUp.ts as cce:/internal/code-quality/cr.mjs.
18:46:28.175 debug: Resolve cc from file:///E:/work_space/wx/Cat_Journey/assets/scripts/PowerUp.ts as cce:/internal/x/cc.
18:46:28.175 debug: Resolve cc from file:///E:/work_space/wx/Cat_Journey/assets/scripts/PowerUp.ts as cce:/internal/x/cc.
18:46:28.175 debug: Resolve cc from file:///E:/work_space/wx/Cat_Journey/assets/scripts/PowerUp.ts as cce:/internal/x/cc.
18:46:28.176 debug: Resolve ./GameManager from file:///E:/work_space/wx/Cat_Journey/assets/scripts/PowerUp.ts as file:///E:/work_space/wx/Cat_Journey/assets/scripts/GameManager.ts.
18:46:28.176 debug: Resolve cce:/internal/code-quality/cr.mjs from file:///E:/work_space/wx/Cat_Journey/assets/scripts/MultiBallPowerUp.ts as cce:/internal/code-quality/cr.mjs.
18:46:28.176 debug: Resolve cc from file:///E:/work_space/wx/Cat_Journey/assets/scripts/MultiBallPowerUp.ts as cce:/internal/x/cc.
18:46:28.176 debug: Resolve cc from file:///E:/work_space/wx/Cat_Journey/assets/scripts/MultiBallPowerUp.ts as cce:/internal/x/cc.
18:46:28.176 debug: Resolve cc from file:///E:/work_space/wx/Cat_Journey/assets/scripts/MultiBallPowerUp.ts as cce:/internal/x/cc.
18:46:28.177 debug: Resolve ./PowerUp from file:///E:/work_space/wx/Cat_Journey/assets/scripts/MultiBallPowerUp.ts as file:///E:/work_space/wx/Cat_Journey/assets/scripts/PowerUp.ts.
18:46:28.177 debug: Resolve cc from file:///E:/work_space/wx/Cat_Journey/assets/scripts/PaddleController.ts as cce:/internal/x/cc.
18:46:28.177 debug: Resolve cc from file:///E:/work_space/wx/Cat_Journey/assets/scripts/PaddleController.ts as cce:/internal/x/cc.
18:46:28.177 debug: Resolve cc from file:///E:/work_space/wx/Cat_Journey/assets/scripts/PaddleController.ts as cce:/internal/x/cc.
18:46:28.177 debug: Resolve cce:/internal/code-quality/cr.mjs from file:///E:/work_space/wx/Cat_Journey/assets/scripts/RelicUI.ts as cce:/internal/code-quality/cr.mjs.
18:46:28.177 debug: Resolve cc from file:///E:/work_space/wx/Cat_Journey/assets/scripts/RelicUI.ts as cce:/internal/x/cc.
18:46:28.177 debug: Resolve cc from file:///E:/work_space/wx/Cat_Journey/assets/scripts/RelicUI.ts as cce:/internal/x/cc.
18:46:28.177 debug: Resolve cc from file:///E:/work_space/wx/Cat_Journey/assets/scripts/RelicUI.ts as cce:/internal/x/cc.
18:46:28.177 debug: Resolve ./RelicManager from file:///E:/work_space/wx/Cat_Journey/assets/scripts/RelicUI.ts as file:///E:/work_space/wx/Cat_Journey/assets/scripts/RelicManager.ts.
18:46:28.187 debug: Target(preview) ends with cost 106.3764000000001ms.
18:46:29.182 debug: Pulling asset-db.
18:46:29.649 debug: Fetch asset-db cost: 466.72910000000047ms.
18:46:29.651 debug: Build iteration starts.
Number of accumulated asset changes: 17
Feature changed: false
18:46:29.651 debug: Target(editor) build started.
18:46:29.654 debug: Detected change: cce:/internal/x/prerequisite-imports. Last mtime: Thu Jan 01 1970 08:00:04 GMT+0800 (香港标准时间), Current mtime: Thu Jan 01 1970 08:00:06 GMT+0800 (香港标准时间)
18:46:29.654 debug: Inspect cce:/internal/x/prerequisite-imports
18:46:29.669 debug: transform url: 'cce:/internal/x/prerequisite-imports' costs: 14.70 ms
18:46:29.671 debug: Resolve file:///D:/cocos/Creator/3.8.6/resources/resources/3d/engine/editor/assets/default_renderpipeline/builtin-dof-pass.ts from cce:/internal/x/prerequisite-imports as file:///D:/cocos/Creator/3.8.6/resources/resources/3d/engine/editor/assets/default_renderpipeline/builtin-dof-pass.ts.
18:46:29.671 debug: Resolve file:///D:/cocos/Creator/3.8.6/resources/resources/3d/engine/editor/assets/default_renderpipeline/builtin-pipeline-pass.ts from cce:/internal/x/prerequisite-imports as file:///D:/cocos/Creator/3.8.6/resources/resources/3d/engine/editor/assets/default_renderpipeline/builtin-pipeline-pass.ts.
18:46:29.671 debug: Resolve file:///D:/cocos/Creator/3.8.6/resources/resources/3d/engine/editor/assets/default_renderpipeline/builtin-pipeline-settings.ts from cce:/internal/x/prerequisite-imports as file:///D:/cocos/Creator/3.8.6/resources/resources/3d/engine/editor/assets/default_renderpipeline/builtin-pipeline-settings.ts.
18:46:29.672 debug: Resolve file:///D:/cocos/Creator/3.8.6/resources/resources/3d/engine/editor/assets/default_renderpipeline/builtin-pipeline-types.ts from cce:/internal/x/prerequisite-imports as file:///D:/cocos/Creator/3.8.6/resources/resources/3d/engine/editor/assets/default_renderpipeline/builtin-pipeline-types.ts.
18:46:29.672 debug: Resolve file:///D:/cocos/Creator/3.8.6/resources/resources/3d/engine/editor/assets/default_renderpipeline/builtin-pipeline.ts from cce:/internal/x/prerequisite-imports as file:///D:/cocos/Creator/3.8.6/resources/resources/3d/engine/editor/assets/default_renderpipeline/builtin-pipeline.ts.
18:46:29.672 debug: Resolve file:///D:/cocos/Creator/3.8.6/resources/resources/3d/engine/editor/assets/tools/debug-view-runtime-control.ts from cce:/internal/x/prerequisite-imports as file:///D:/cocos/Creator/3.8.6/resources/resources/3d/engine/editor/assets/tools/debug-view-runtime-control.ts.
18:46:29.673 debug: Resolve file:///E:/work_space/wx/Cat_Journey/assets/scripts/Ball.ts from cce:/internal/x/prerequisite-imports as file:///E:/work_space/wx/Cat_Journey/assets/scripts/Ball.ts.
18:46:29.673 debug: Resolve file:///E:/work_space/wx/Cat_Journey/assets/scripts/Brick.ts from cce:/internal/x/prerequisite-imports as file:///E:/work_space/wx/Cat_Journey/assets/scripts/Brick.ts.
18:46:29.673 debug: Resolve file:///E:/work_space/wx/Cat_Journey/assets/scripts/DeathZone.ts from cce:/internal/x/prerequisite-imports as file:///E:/work_space/wx/Cat_Journey/assets/scripts/DeathZone.ts.
18:46:29.673 debug: Resolve file:///E:/work_space/wx/Cat_Journey/assets/scripts/GameManager.ts from cce:/internal/x/prerequisite-imports as file:///E:/work_space/wx/Cat_Journey/assets/scripts/GameManager.ts.
18:46:29.674 debug: Resolve file:///E:/work_space/wx/Cat_Journey/assets/scripts/Laser.ts from cce:/internal/x/prerequisite-imports as file:///E:/work_space/wx/Cat_Journey/assets/scripts/Laser.ts.
18:46:29.674 debug: Resolve file:///E:/work_space/wx/Cat_Journey/assets/scripts/LaserPaddlePowerUp.ts from cce:/internal/x/prerequisite-imports as file:///E:/work_space/wx/Cat_Journey/assets/scripts/LaserPaddlePowerUp.ts.
18:46:29.674 debug: Resolve file:///E:/work_space/wx/Cat_Journey/assets/scripts/MultiBallPowerUp.ts from cce:/internal/x/prerequisite-imports as file:///E:/work_space/wx/Cat_Journey/assets/scripts/MultiBallPowerUp.ts.
18:46:29.675 debug: Resolve file:///E:/work_space/wx/Cat_Journey/assets/scripts/PaddleController.ts from cce:/internal/x/prerequisite-imports as file:///E:/work_space/wx/Cat_Journey/assets/scripts/PaddleController.ts.
18:46:29.675 debug: Resolve file:///E:/work_space/wx/Cat_Journey/assets/scripts/PowerUp.ts from cce:/internal/x/prerequisite-imports as file:///E:/work_space/wx/Cat_Journey/assets/scripts/PowerUp.ts.
18:46:29.675 debug: Resolve file:///E:/work_space/wx/Cat_Journey/assets/scripts/RelicManager.ts from cce:/internal/x/prerequisite-imports as file:///E:/work_space/wx/Cat_Journey/assets/scripts/RelicManager.ts.
18:46:29.675 debug: Resolve file:///E:/work_space/wx/Cat_Journey/assets/scripts/RelicUI.ts from cce:/internal/x/prerequisite-imports as file:///E:/work_space/wx/Cat_Journey/assets/scripts/RelicUI.ts.
18:46:29.684 debug: Target(editor) ends with cost 32.90009999999984ms.
18:46:29.684 debug: Target(preview) build started.
18:46:29.687 debug: Detected change: cce:/internal/x/prerequisite-imports. Last mtime: Thu Jan 01 1970 08:00:04 GMT+0800 (香港标准时间), Current mtime: Thu Jan 01 1970 08:00:06 GMT+0800 (香港标准时间)
18:46:29.687 debug: Inspect cce:/internal/x/prerequisite-imports
18:46:29.703 debug: transform url: 'cce:/internal/x/prerequisite-imports' costs: 16.40 ms
18:46:29.705 debug: Resolve file:///D:/cocos/Creator/3.8.6/resources/resources/3d/engine/editor/assets/default_renderpipeline/builtin-dof-pass.ts from cce:/internal/x/prerequisite-imports as file:///D:/cocos/Creator/3.8.6/resources/resources/3d/engine/editor/assets/default_renderpipeline/builtin-dof-pass.ts.
18:46:29.705 debug: Resolve file:///D:/cocos/Creator/3.8.6/resources/resources/3d/engine/editor/assets/default_renderpipeline/builtin-pipeline-pass.ts from cce:/internal/x/prerequisite-imports as file:///D:/cocos/Creator/3.8.6/resources/resources/3d/engine/editor/assets/default_renderpipeline/builtin-pipeline-pass.ts.
18:46:29.705 debug: Resolve file:///D:/cocos/Creator/3.8.6/resources/resources/3d/engine/editor/assets/default_renderpipeline/builtin-pipeline-settings.ts from cce:/internal/x/prerequisite-imports as file:///D:/cocos/Creator/3.8.6/resources/resources/3d/engine/editor/assets/default_renderpipeline/builtin-pipeline-settings.ts.
18:46:29.706 debug: Resolve file:///D:/cocos/Creator/3.8.6/resources/resources/3d/engine/editor/assets/default_renderpipeline/builtin-pipeline-types.ts from cce:/internal/x/prerequisite-imports as file:///D:/cocos/Creator/3.8.6/resources/resources/3d/engine/editor/assets/default_renderpipeline/builtin-pipeline-types.ts.
18:46:29.706 debug: Resolve file:///D:/cocos/Creator/3.8.6/resources/resources/3d/engine/editor/assets/default_renderpipeline/builtin-pipeline.ts from cce:/internal/x/prerequisite-imports as file:///D:/cocos/Creator/3.8.6/resources/resources/3d/engine/editor/assets/default_renderpipeline/builtin-pipeline.ts.
18:46:29.706 debug: Resolve file:///D:/cocos/Creator/3.8.6/resources/resources/3d/engine/editor/assets/tools/debug-view-runtime-control.ts from cce:/internal/x/prerequisite-imports as file:///D:/cocos/Creator/3.8.6/resources/resources/3d/engine/editor/assets/tools/debug-view-runtime-control.ts.
18:46:29.707 debug: Resolve file:///E:/work_space/wx/Cat_Journey/assets/scripts/Ball.ts from cce:/internal/x/prerequisite-imports as file:///E:/work_space/wx/Cat_Journey/assets/scripts/Ball.ts.
18:46:29.708 debug: Resolve file:///E:/work_space/wx/Cat_Journey/assets/scripts/Brick.ts from cce:/internal/x/prerequisite-imports as file:///E:/work_space/wx/Cat_Journey/assets/scripts/Brick.ts.
18:46:29.708 debug: Resolve file:///E:/work_space/wx/Cat_Journey/assets/scripts/DeathZone.ts from cce:/internal/x/prerequisite-imports as file:///E:/work_space/wx/Cat_Journey/assets/scripts/DeathZone.ts.
18:46:29.708 debug: Resolve file:///E:/work_space/wx/Cat_Journey/assets/scripts/GameManager.ts from cce:/internal/x/prerequisite-imports as file:///E:/work_space/wx/Cat_Journey/assets/scripts/GameManager.ts.
18:46:29.709 debug: Resolve file:///E:/work_space/wx/Cat_Journey/assets/scripts/Laser.ts from cce:/internal/x/prerequisite-imports as file:///E:/work_space/wx/Cat_Journey/assets/scripts/Laser.ts.
18:46:29.709 debug: Resolve file:///E:/work_space/wx/Cat_Journey/assets/scripts/LaserPaddlePowerUp.ts from cce:/internal/x/prerequisite-imports as file:///E:/work_space/wx/Cat_Journey/assets/scripts/LaserPaddlePowerUp.ts.
18:46:29.709 debug: Resolve file:///E:/work_space/wx/Cat_Journey/assets/scripts/MultiBallPowerUp.ts from cce:/internal/x/prerequisite-imports as file:///E:/work_space/wx/Cat_Journey/assets/scripts/MultiBallPowerUp.ts.
18:46:29.709 debug: Resolve file:///E:/work_space/wx/Cat_Journey/assets/scripts/PaddleController.ts from cce:/internal/x/prerequisite-imports as file:///E:/work_space/wx/Cat_Journey/assets/scripts/PaddleController.ts.
18:46:29.709 debug: Resolve file:///E:/work_space/wx/Cat_Journey/assets/scripts/PowerUp.ts from cce:/internal/x/prerequisite-imports as file:///E:/work_space/wx/Cat_Journey/assets/scripts/PowerUp.ts.
18:46:29.710 debug: Resolve file:///E:/work_space/wx/Cat_Journey/assets/scripts/RelicManager.ts from cce:/internal/x/prerequisite-imports as file:///E:/work_space/wx/Cat_Journey/assets/scripts/RelicManager.ts.
18:46:29.710 debug: Resolve file:///E:/work_space/wx/Cat_Journey/assets/scripts/RelicUI.ts from cce:/internal/x/prerequisite-imports as file:///E:/work_space/wx/Cat_Journey/assets/scripts/RelicUI.ts.
18:46:29.717 debug: Target(preview) ends with cost 32.58350000000064ms.
