2025-9-23 16:51:37-debug: start **** info
2025-9-23 16:51:37-log: Cannot access game frame or container.
2025-9-23 16:51:37-debug: asset-db:require-engine-code (710ms)
2025-9-23 16:51:37-log: meshopt wasm decoder initialized
2025-9-23 16:51:37-log: [box2d]:box2d wasm lib loaded.
2025-9-23 16:51:37-log: [bullet]:bullet wasm lib loaded.
2025-9-23 16:51:37-log: Cocos Creator v3.8.6
2025-9-23 16:51:37-log: Using legacy pipeline
2025-9-23 16:51:37-debug: [Assets Memory track]: asset-db:worker-init: initEngine start:30.89MB, end 80.15MB, increase: 49.26MB
2025-9-23 16:51:37-log: Forward render pipeline initialized.
2025-9-23 16:51:37-debug: [Assets Memory track]: asset-db-plugin-register: programming start:81.01MB, end 84.33MB, increase: 3.32MB
2025-9-23 16:51:39-debug: [Assets Memory track]: asset-db-plugin-register: builder start:84.37MB, end 224.93MB, increase: 140.56MB
2025-9-23 16:51:39-debug: [Assets Memory track]: asset-db-plugin-register: engine-extends start:225.18MB, end 228.31MB, increase: 3.13MB
2025-9-23 16:51:39-debug: [Assets Memory track]: asset-db-plugin-register: project start:80.86MB, end 228.50MB, increase: 147.64MB
2025-9-23 16:51:39-debug: [Assets Memory track]: asset-db:worker-init: initPlugin start:80.17MB, end 228.53MB, increase: 148.36MB
2025-9-23 16:51:39-debug: run package(taobao-mini-game) handler(enable) success!
2025-9-23 16:51:39-debug: run package(taobao-mini-game) handler(enable) start
2025-9-23 16:51:39-debug: run package(vivo-mini-game) handler(enable) start
2025-9-23 16:51:39-debug: run package(vivo-mini-game) handler(enable) success!
2025-9-23 16:51:39-debug: run package(web-desktop) handler(enable) start
2025-9-23 16:51:39-debug: run package(web-desktop) handler(enable) success!
2025-9-23 16:51:39-debug: run package(web-mobile) handler(enable) start
2025-9-23 16:51:39-debug: run package(web-mobile) handler(enable) success!
2025-9-23 16:51:39-debug: run package(wechatgame) handler(enable) start
2025-9-23 16:51:39-debug: run package(wechatgame) handler(enable) success!
2025-9-23 16:51:39-debug: run package(wechatprogram) handler(enable) start
2025-9-23 16:51:39-debug: run package(wechatprogram) handler(enable) success!
2025-9-23 16:51:39-debug: run package(xiaomi-quick-game) handler(enable) start
2025-9-23 16:51:39-debug: run package(windows) handler(enable) success!
2025-9-23 16:51:39-debug: run package(windows) handler(enable) start
2025-9-23 16:51:39-debug: run package(xiaomi-quick-game) handler(enable) success!
2025-9-23 16:51:39-debug: run package(cocos-service) handler(enable) start
2025-9-23 16:51:39-debug: run package(cocos-service) handler(enable) success!
2025-9-23 16:51:39-debug: run package(im-plugin) handler(enable) success!
2025-9-23 16:51:39-debug: run package(fix-asset-default-userdata) handler(enable) start
2025-9-23 16:51:39-debug: run package(fix-asset-default-userdata) handler(enable) success!
2025-9-23 16:51:39-debug: run package(im-plugin) handler(enable) start
2025-9-23 16:51:39-debug: run package(placeholder) handler(enable) start
2025-9-23 16:51:39-debug: run package(placeholder) handler(enable) success!
2025-9-23 16:51:39-debug: asset-db:worker-init: initPlugin (1916ms)
2025-9-23 16:51:39-debug: [Assets Memory track]: asset-db:worker-init start:30.88MB, end 225.07MB, increase: 194.20MB
2025-9-23 16:51:39-debug: Run asset db hook programming:beforePreStart ...
2025-9-23 16:51:39-debug: Run asset db hook engine-extends:beforePreStart success!
2025-9-23 16:51:39-debug: Run asset db hook programming:beforePreStart success!
2025-9-23 16:51:39-debug: Run asset db hook engine-extends:beforePreStart ...
2025-9-23 16:51:40-debug: asset-db:worker-init (2918ms)
2025-9-23 16:51:40-debug: asset-db-hook-programming-beforePreStart (188ms)
2025-9-23 16:51:40-debug: asset-db-hook-engine-extends-beforePreStart (188ms)
2025-9-23 16:51:40-debug: Preimport db internal success
2025-9-23 16:51:40-debug: Preimport db assets success
2025-9-23 16:51:40-debug: Run asset db hook programming:afterPreStart ...
2025-9-23 16:51:40-debug: starting packer-driver...
2025-9-23 16:51:43-debug: initialize scripting environment...
2025-9-23 16:51:43-debug: [[Executor]] prepare before lock
2025-9-23 16:51:43-debug: Set detail map pack:///resolution-detail-map.json: {}
2025-9-23 16:51:43-debug: Run asset db hook programming:afterPreStart success!
2025-9-23 16:51:43-debug: Run asset db hook engine-extends:afterPreStart success!
2025-9-23 16:51:43-debug: Run asset db hook engine-extends:afterPreStart ...
2025-9-23 16:51:43-debug: [Assets Memory track]: asset-db:worker-init: preStart start:225.09MB, end 230.14MB, increase: 5.05MB
2025-9-23 16:51:43-debug: [[Executor]] prepare after unlock
2025-9-23 16:51:43-debug: Start up the 'internal' database...
2025-9-23 16:51:43-debug: asset-db-hook-programming-afterPreStart (3584ms)
2025-9-23 16:51:43-debug: asset-db:worker-effect-data-processing (459ms)
2025-9-23 16:51:43-debug: asset-db-hook-engine-extends-afterPreStart (459ms)
2025-9-23 16:51:43-debug: [Assets Memory track]: asset-db:worker-startup-database[internal] start:225.18MB, end 241.73MB, increase: 16.55MB
2025-9-23 16:51:43-debug: Start up the 'assets' database...
2025-9-23 16:51:43-debug: asset-db:worker-startup-database[internal] (4067ms)
2025-9-23 16:51:43-debug: [Assets Memory track]: asset-db:worker-startup-database[assets] start:230.77MB, end 245.77MB, increase: 15.00MB
2025-9-23 16:51:43-debug: lazy register asset handler directory
2025-9-23 16:51:43-debug: lazy register asset handler text
2025-9-23 16:51:43-debug: lazy register asset handler json
2025-9-23 16:51:43-debug: [Assets Memory track]: asset-db:worker-init: startup start:230.16MB, end 245.79MB, increase: 15.63MB
2025-9-23 16:51:43-debug: lazy register asset handler spine-data
2025-9-23 16:51:43-debug: lazy register asset handler dragonbones
2025-9-23 16:51:43-debug: lazy register asset handler dragonbones-atlas
2025-9-23 16:51:43-debug: lazy register asset handler *
2025-9-23 16:51:43-debug: lazy register asset handler terrain
2025-9-23 16:51:43-debug: lazy register asset handler javascript
2025-9-23 16:51:43-debug: lazy register asset handler scene
2025-9-23 16:51:43-debug: lazy register asset handler typescript
2025-9-23 16:51:43-debug: lazy register asset handler prefab
2025-9-23 16:51:43-debug: lazy register asset handler sprite-frame
2025-9-23 16:51:43-debug: lazy register asset handler tiled-map
2025-9-23 16:51:43-debug: lazy register asset handler buffer
2025-9-23 16:51:43-debug: lazy register asset handler texture
2025-9-23 16:51:43-debug: lazy register asset handler image
2025-9-23 16:51:43-debug: lazy register asset handler texture-cube
2025-9-23 16:51:43-debug: lazy register asset handler erp-texture-cube
2025-9-23 16:51:43-debug: lazy register asset handler alpha-image
2025-9-23 16:51:43-debug: lazy register asset handler sign-image
2025-9-23 16:51:43-debug: lazy register asset handler texture-cube-face
2025-9-23 16:51:43-debug: lazy register asset handler rt-sprite-frame
2025-9-23 16:51:43-debug: lazy register asset handler gltf
2025-9-23 16:51:43-debug: lazy register asset handler gltf-mesh
2025-9-23 16:51:43-debug: lazy register asset handler render-texture
2025-9-23 16:51:43-debug: lazy register asset handler gltf-material
2025-9-23 16:51:43-debug: lazy register asset handler gltf-skeleton
2025-9-23 16:51:43-debug: lazy register asset handler gltf-animation
2025-9-23 16:51:43-debug: lazy register asset handler gltf-embeded-image
2025-9-23 16:51:43-debug: lazy register asset handler fbx
2025-9-23 16:51:43-debug: lazy register asset handler gltf-scene
2025-9-23 16:51:43-debug: lazy register asset handler physics-material
2025-9-23 16:51:43-debug: lazy register asset handler effect
2025-9-23 16:51:43-debug: lazy register asset handler effect-header
2025-9-23 16:51:43-debug: lazy register asset handler audio-clip
2025-9-23 16:51:43-debug: lazy register asset handler animation-clip
2025-9-23 16:51:43-debug: lazy register asset handler animation-graph
2025-9-23 16:51:43-debug: lazy register asset handler material
2025-9-23 16:51:43-debug: lazy register asset handler animation-mask
2025-9-23 16:51:43-debug: lazy register asset handler animation-graph-variant
2025-9-23 16:51:43-debug: lazy register asset handler particle
2025-9-23 16:51:43-debug: lazy register asset handler sprite-atlas
2025-9-23 16:51:43-debug: lazy register asset handler bitmap-font
2025-9-23 16:51:43-debug: lazy register asset handler auto-atlas
2025-9-23 16:51:43-debug: lazy register asset handler ttf-font
2025-9-23 16:51:43-debug: lazy register asset handler render-pipeline
2025-9-23 16:51:43-debug: lazy register asset handler label-atlas
2025-9-23 16:51:43-debug: lazy register asset handler render-stage
2025-9-23 16:51:43-debug: lazy register asset handler instantiation-material
2025-9-23 16:51:43-debug: lazy register asset handler render-flow
2025-9-23 16:51:43-debug: lazy register asset handler instantiation-mesh
2025-9-23 16:51:43-debug: lazy register asset handler instantiation-skeleton
2025-9-23 16:51:43-debug: lazy register asset handler instantiation-animation
2025-9-23 16:51:43-debug: lazy register asset handler video-clip
2025-9-23 16:51:44-debug: asset-db:worker-startup-database[assets] (3928ms)
2025-9-23 16:51:44-debug: asset-db:start-database (4175ms)
2025-9-23 16:51:44-debug: asset-db:ready (9295ms)
2025-9-23 16:51:44-debug: fix the bug of updateDefaultUserData
2025-9-23 16:51:44-debug: init worker message success
2025-9-23 16:51:44-debug: programming:execute-script (6ms)
2025-9-23 16:51:44-debug: [Build Memory track]: builder:worker-init start:244.55MB, end 258.64MB, increase: 14.10MB
2025-9-23 16:51:44-debug: builder:worker-init (584ms)
2025-9-23 16:53:18-debug: refresh db internal success
2025-9-23 16:53:18-debug: refresh db assets success
2025-9-23 16:53:18-debug: Run asset db hook engine-extends:afterRefresh ...
2025-9-23 16:53:18-debug: Run asset db hook engine-extends:afterRefresh success!
2025-9-23 16:53:18-debug: asset-db:refresh-all-database (185ms)
2025-9-23 16:53:18-debug: asset-db:worker-effect-data-processing (2ms)
2025-9-23 16:53:18-debug: asset-db-hook-engine-extends-afterRefresh (2ms)
